{"/Users/polansky/Desktop/apps/noizzy_app_backend/index.js": {"path":"/Users/polansky/Desktop/apps/noizzy_app_backend/index.js","statementMap":{"0":{"start":{"line":1,"column":0},"end":{"line":1,"column":27}},"1":{"start":{"line":3,"column":16},"end":{"line":3,"column":34}},"2":{"start":{"line":4,"column":25},"end":{"line":4,"column":53}},"3":{"start":{"line":5,"column":13},"end":{"line":5,"column":28}},"4":{"start":{"line":7,"column":24},"end":{"line":7,"column":61}},"5":{"start":{"line":10,"column":21},"end":{"line":10,"column":47}},"6":{"start":{"line":11,"column":19},"end":{"line":11,"column":43}},"7":{"start":{"line":14,"column":24},"end":{"line":14,"column":59}},"8":{"start":{"line":14,"column":30},"end":{"line":14,"column":59}},"9":{"start":{"line":15,"column":20},"end":{"line":15,"column":51}},"10":{"start":{"line":15,"column":26},"end":{"line":15,"column":51}},"11":{"start":{"line":18,"column":12},"end":{"line":18,"column":21}},"12":{"start":{"line":27,"column":0},"end":{"line":32,"column":4}},"13":{"start":{"line":34,"column":0},"end":{"line":34,"column":35}},"14":{"start":{"line":35,"column":0},"end":{"line":35,"column":26}},"15":{"start":{"line":39,"column":0},"end":{"line":39,"column":33}},"16":{"start":{"line":40,"column":0},"end":{"line":40,"column":37}},"17":{"start":{"line":45,"column":0},"end":{"line":47,"column":1}},"18":{"start":{"line":46,"column":4},"end":{"line":46,"column":65}},"19":{"start":{"line":50,"column":0},"end":{"line":50,"column":50}},"20":{"start":{"line":56,"column":0},"end":{"line":58,"column":2}},"21":{"start":{"line":61,"column":0},"end":{"line":66,"column":1}},"22":{"start":{"line":62,"column":15},"end":{"line":62,"column":39}},"23":{"start":{"line":63,"column":2},"end":{"line":65,"column":5}},"24":{"start":{"line":64,"column":4},"end":{"line":64,"column":45}}},"fnMap":{"0":{"name":"(anonymous_0)","decl":{"start":{"line":14,"column":24},"end":{"line":14,"column":25}},"loc":{"start":{"line":14,"column":30},"end":{"line":14,"column":59}},"line":14},"1":{"name":"(anonymous_1)","decl":{"start":{"line":15,"column":20},"end":{"line":15,"column":21}},"loc":{"start":{"line":15,"column":26},"end":{"line":15,"column":51}},"line":15},"2":{"name":"(anonymous_2)","decl":{"start":{"line":63,"column":19},"end":{"line":63,"column":20}},"loc":{"start":{"line":63,"column":25},"end":{"line":65,"column":3}},"line":63}},"branchMap":{"0":{"loc":{"start":{"line":28,"column":11},"end":{"line":28,"column":60}},"type":"binary-expr","locations":[{"start":{"line":28,"column":11},"end":{"line":28,"column":33}},{"start":{"line":28,"column":37},"end":{"line":28,"column":60}}],"line":28},"1":{"loc":{"start":{"line":45,"column":0},"end":{"line":47,"column":1}},"type":"if","locations":[{"start":{"line":45,"column":0},"end":{"line":47,"column":1}},{"start":{},"end":{}}],"line":45},"2":{"loc":{"start":{"line":61,"column":0},"end":{"line":66,"column":1}},"type":"if","locations":[{"start":{"line":61,"column":0},"end":{"line":66,"column":1}},{"start":{},"end":{}}],"line":61},"3":{"loc":{"start":{"line":62,"column":15},"end":{"line":62,"column":39}},"type":"binary-expr","locations":[{"start":{"line":62,"column":15},"end":{"line":62,"column":31}},{"start":{"line":62,"column":35},"end":{"line":62,"column":39}}],"line":62}},"s":{"0":1,"1":1,"2":1,"3":1,"4":1,"5":1,"6":1,"7":1,"8":0,"9":1,"10":1,"11":1,"12":1,"13":1,"14":1,"15":1,"16":1,"17":1,"18":0,"19":1,"20":1,"21":1,"22":0,"23":0,"24":0},"f":{"0":0,"1":1,"2":0},"b":{"0":[1,1],"1":[0,1],"2":[0,1],"3":[0,0]},"_coverageSchema":"1a1c01bbd47fc00a2c39e90264f33305004495a9","hash":"ab7b6c7460dbfcfc8b79c82612972c1775424202"}
,"/Users/polansky/Desktop/apps/noizzy_app_backend/controllers/auth.js": {"path":"/Users/polansky/Desktop/apps/noizzy_app_backend/controllers/auth.js","statementMap":{"0":{"start":{"line":2,"column":21},"end":{"line":2,"column":39}},"1":{"start":{"line":3,"column":15},"end":{"line":3,"column":34}},"2":{"start":{"line":4,"column":13},"end":{"line":4,"column":41}},"3":{"start":{"line":5,"column":24},"end":{"line":5,"column":49}},"4":{"start":{"line":6,"column":15},"end":{"line":6,"column":32}},"5":{"start":{"line":7,"column":14},"end":{"line":7,"column":45}},"6":{"start":{"line":8,"column":25},"end":{"line":8,"column":55}},"7":{"start":{"line":10,"column":21},"end":{"line":10,"column":71}},"8":{"start":{"line":12,"column":19},"end":{"line":45,"column":1}},"9":{"start":{"line":13,"column":30},"end":{"line":13,"column":38}},"10":{"start":{"line":15,"column":2},"end":{"line":44,"column":3}},"11":{"start":{"line":16,"column":15},"end":{"line":16,"column":44}},"12":{"start":{"line":17,"column":4},"end":{"line":22,"column":5}},"13":{"start":{"line":18,"column":6},"end":{"line":21,"column":9}},"14":{"start":{"line":24,"column":4},"end":{"line":24,"column":30}},"15":{"start":{"line":26,"column":17},"end":{"line":26,"column":37}},"16":{"start":{"line":27,"column":4},"end":{"line":27,"column":52}},"17":{"start":{"line":29,"column":4},"end":{"line":29,"column":22}},"18":{"start":{"line":31,"column":18},"end":{"line":31,"column":55}},"19":{"start":{"line":33,"column":4},"end":{"line":38,"column":7}},"20":{"start":{"line":40,"column":4},"end":{"line":43,"column":7}},"21":{"start":{"line":47,"column":18},"end":{"line":81,"column":1}},"22":{"start":{"line":48,"column":30},"end":{"line":48,"column":38}},"23":{"start":{"line":50,"column":2},"end":{"line":80,"column":3}},"24":{"start":{"line":51,"column":15},"end":{"line":51,"column":44}},"25":{"start":{"line":52,"column":4},"end":{"line":57,"column":5}},"26":{"start":{"line":53,"column":6},"end":{"line":56,"column":9}},"27":{"start":{"line":59,"column":26},"end":{"line":59,"column":69}},"28":{"start":{"line":60,"column":4},"end":{"line":65,"column":5}},"29":{"start":{"line":61,"column":6},"end":{"line":64,"column":9}},"30":{"start":{"line":67,"column":18},"end":{"line":67,"column":55}},"31":{"start":{"line":69,"column":4},"end":{"line":74,"column":7}},"32":{"start":{"line":76,"column":4},"end":{"line":79,"column":7}},"33":{"start":{"line":83,"column":19},"end":{"line":87,"column":1}},"34":{"start":{"line":84,"column":24},"end":{"line":84,"column":27}},"35":{"start":{"line":85,"column":16},"end":{"line":85,"column":44}},"36":{"start":{"line":86,"column":2},"end":{"line":86,"column":32}},"37":{"start":{"line":89,"column":21},"end":{"line":147,"column":1}},"38":{"start":{"line":90,"column":2},"end":{"line":146,"column":3}},"39":{"start":{"line":91,"column":24},"end":{"line":91,"column":32}},"40":{"start":{"line":92,"column":4},"end":{"line":94,"column":5}},"41":{"start":{"line":93,"column":6},"end":{"line":93,"column":77}},"42":{"start":{"line":96,"column":19},"end":{"line":99,"column":6}},"43":{"start":{"line":101,"column":20},"end":{"line":101,"column":39}},"44":{"start":{"line":102,"column":22},"end":{"line":102,"column":33}},"45":{"start":{"line":103,"column":18},"end":{"line":103,"column":31}},"46":{"start":{"line":104,"column":17},"end":{"line":104,"column":35}},"47":{"start":{"line":105,"column":20},"end":{"line":105,"column":41}},"48":{"start":{"line":107,"column":4},"end":{"line":109,"column":5}},"49":{"start":{"line":108,"column":6},"end":{"line":108,"column":84}},"50":{"start":{"line":111,"column":15},"end":{"line":111,"column":44}},"51":{"start":{"line":112,"column":4},"end":{"line":132,"column":5}},"52":{"start":{"line":113,"column":24},"end":{"line":113,"column":62}},"53":{"start":{"line":114,"column":19},"end":{"line":114,"column":39}},"54":{"start":{"line":115,"column":19},"end":{"line":115,"column":51}},"55":{"start":{"line":117,"column":6},"end":{"line":124,"column":9}},"56":{"start":{"line":125,"column":6},"end":{"line":125,"column":24}},"57":{"start":{"line":127,"column":18},"end":{"line":127,"column":23}},"58":{"start":{"line":128,"column":6},"end":{"line":128,"column":65}},"59":{"start":{"line":128,"column":32},"end":{"line":128,"column":49}},"60":{"start":{"line":128,"column":50},"end":{"line":128,"column":63}},"61":{"start":{"line":129,"column":6},"end":{"line":129,"column":73}},"62":{"start":{"line":129,"column":36},"end":{"line":129,"column":57}},"63":{"start":{"line":129,"column":58},"end":{"line":129,"column":71}},"64":{"start":{"line":130,"column":6},"end":{"line":130,"column":72}},"65":{"start":{"line":130,"column":29},"end":{"line":130,"column":56}},"66":{"start":{"line":130,"column":57},"end":{"line":130,"column":70}},"67":{"start":{"line":131,"column":6},"end":{"line":131,"column":35}},"68":{"start":{"line":131,"column":17},"end":{"line":131,"column":35}},"69":{"start":{"line":134,"column":18},"end":{"line":134,"column":55}},"70":{"start":{"line":135,"column":4},"end":{"line":142,"column":7}},"71":{"start":{"line":144,"column":4},"end":{"line":144,"column":66}},"72":{"start":{"line":145,"column":4},"end":{"line":145,"column":76}},"73":{"start":{"line":149,"column":0},"end":{"line":154,"column":2}}},"fnMap":{"0":{"name":"(anonymous_0)","decl":{"start":{"line":12,"column":19},"end":{"line":12,"column":20}},"loc":{"start":{"line":12,"column":50},"end":{"line":45,"column":1}},"line":12},"1":{"name":"(anonymous_1)","decl":{"start":{"line":47,"column":18},"end":{"line":47,"column":19}},"loc":{"start":{"line":47,"column":49},"end":{"line":81,"column":1}},"line":47},"2":{"name":"(anonymous_2)","decl":{"start":{"line":83,"column":19},"end":{"line":83,"column":20}},"loc":{"start":{"line":83,"column":50},"end":{"line":87,"column":1}},"line":83},"3":{"name":"(anonymous_3)","decl":{"start":{"line":89,"column":21},"end":{"line":89,"column":22}},"loc":{"start":{"line":89,"column":52},"end":{"line":147,"column":1}},"line":89}},"branchMap":{"0":{"loc":{"start":{"line":12,"column":31},"end":{"line":12,"column":45}},"type":"default-arg","locations":[{"start":{"line":12,"column":37},"end":{"line":12,"column":45}}],"line":12},"1":{"loc":{"start":{"line":17,"column":4},"end":{"line":22,"column":5}},"type":"if","locations":[{"start":{"line":17,"column":4},"end":{"line":22,"column":5}},{"start":{},"end":{}}],"line":17},"2":{"loc":{"start":{"line":47,"column":30},"end":{"line":47,"column":44}},"type":"default-arg","locations":[{"start":{"line":47,"column":36},"end":{"line":47,"column":44}}],"line":47},"3":{"loc":{"start":{"line":52,"column":4},"end":{"line":57,"column":5}},"type":"if","locations":[{"start":{"line":52,"column":4},"end":{"line":57,"column":5}},{"start":{},"end":{}}],"line":52},"4":{"loc":{"start":{"line":60,"column":4},"end":{"line":65,"column":5}},"type":"if","locations":[{"start":{"line":60,"column":4},"end":{"line":65,"column":5}},{"start":{},"end":{}}],"line":60},"5":{"loc":{"start":{"line":83,"column":31},"end":{"line":83,"column":45}},"type":"default-arg","locations":[{"start":{"line":83,"column":37},"end":{"line":83,"column":45}}],"line":83},"6":{"loc":{"start":{"line":89,"column":33},"end":{"line":89,"column":47}},"type":"default-arg","locations":[{"start":{"line":89,"column":39},"end":{"line":89,"column":47}}],"line":89},"7":{"loc":{"start":{"line":92,"column":4},"end":{"line":94,"column":5}},"type":"if","locations":[{"start":{"line":92,"column":4},"end":{"line":94,"column":5}},{"start":{},"end":{}}],"line":92},"8":{"loc":{"start":{"line":92,"column":8},"end":{"line":92,"column":47}},"type":"binary-expr","locations":[{"start":{"line":92,"column":8},"end":{"line":92,"column":16}},{"start":{"line":92,"column":20},"end":{"line":92,"column":47}}],"line":92},"9":{"loc":{"start":{"line":104,"column":17},"end":{"line":104,"column":35}},"type":"binary-expr","locations":[{"start":{"line":104,"column":17},"end":{"line":104,"column":29}},{"start":{"line":104,"column":33},"end":{"line":104,"column":35}}],"line":104},"10":{"loc":{"start":{"line":105,"column":20},"end":{"line":105,"column":41}},"type":"binary-expr","locations":[{"start":{"line":105,"column":20},"end":{"line":105,"column":35}},{"start":{"line":105,"column":39},"end":{"line":105,"column":41}}],"line":105},"11":{"loc":{"start":{"line":107,"column":4},"end":{"line":109,"column":5}},"type":"if","locations":[{"start":{"line":107,"column":4},"end":{"line":109,"column":5}},{"start":{},"end":{}}],"line":107},"12":{"loc":{"start":{"line":112,"column":4},"end":{"line":132,"column":5}},"type":"if","locations":[{"start":{"line":112,"column":4},"end":{"line":132,"column":5}},{"start":{"line":126,"column":11},"end":{"line":132,"column":5}}],"line":112},"13":{"loc":{"start":{"line":121,"column":15},"end":{"line":121,"column":30}},"type":"binary-expr","locations":[{"start":{"line":121,"column":15},"end":{"line":121,"column":22}},{"start":{"line":121,"column":26},"end":{"line":121,"column":30}}],"line":121},"14":{"loc":{"start":{"line":128,"column":6},"end":{"line":128,"column":65}},"type":"if","locations":[{"start":{"line":128,"column":6},"end":{"line":128,"column":65}},{"start":{},"end":{}}],"line":128},"15":{"loc":{"start":{"line":128,"column":10},"end":{"line":128,"column":28}},"type":"binary-expr","locations":[{"start":{"line":128,"column":10},"end":{"line":128,"column":20}},{"start":{"line":128,"column":24},"end":{"line":128,"column":28}}],"line":128},"16":{"loc":{"start":{"line":129,"column":6},"end":{"line":129,"column":73}},"type":"if","locations":[{"start":{"line":129,"column":6},"end":{"line":129,"column":73}},{"start":{},"end":{}}],"line":129},"17":{"loc":{"start":{"line":129,"column":10},"end":{"line":129,"column":32}},"type":"binary-expr","locations":[{"start":{"line":129,"column":10},"end":{"line":129,"column":21}},{"start":{"line":129,"column":25},"end":{"line":129,"column":32}}],"line":129},"18":{"loc":{"start":{"line":130,"column":6},"end":{"line":130,"column":72}},"type":"if","locations":[{"start":{"line":130,"column":6},"end":{"line":130,"column":72}},{"start":{},"end":{}}],"line":130},"19":{"loc":{"start":{"line":131,"column":6},"end":{"line":131,"column":35}},"type":"if","locations":[{"start":{"line":131,"column":6},"end":{"line":131,"column":35}},{"start":{},"end":{}}],"line":131},"20":{"loc":{"start":{"line":140,"column":16},"end":{"line":140,"column":34}},"type":"binary-expr","locations":[{"start":{"line":140,"column":16},"end":{"line":140,"column":26}},{"start":{"line":140,"column":30},"end":{"line":140,"column":34}}],"line":140},"21":{"loc":{"start":{"line":144,"column":49},"end":{"line":144,"column":64}},"type":"binary-expr","locations":[{"start":{"line":144,"column":49},"end":{"line":144,"column":59}},{"start":{"line":144,"column":63},"end":{"line":144,"column":64}}],"line":144}},"s":{"0":1,"1":1,"2":1,"3":1,"4":1,"5":1,"6":1,"7":1,"8":1,"9":2,"10":2,"11":2,"12":2,"13":1,"14":1,"15":1,"16":1,"17":1,"18":1,"19":1,"20":0,"21":1,"22":2,"23":2,"24":2,"25":2,"26":0,"27":2,"28":2,"29":1,"30":1,"31":1,"32":0,"33":1,"34":1,"35":1,"36":1,"37":1,"38":2,"39":2,"40":2,"41":0,"42":2,"43":2,"44":2,"45":2,"46":2,"47":2,"48":2,"49":0,"50":2,"51":2,"52":1,"53":1,"54":1,"55":1,"56":1,"57":1,"58":1,"59":1,"60":1,"61":1,"62":1,"63":1,"64":1,"65":1,"66":1,"67":1,"68":1,"69":2,"70":2,"71":0,"72":0,"73":1},"f":{"0":2,"1":2,"2":1,"3":2},"b":{"0":[0],"1":[1,1],"2":[0],"3":[0,2],"4":[1,1],"5":[0],"6":[0],"7":[0,2],"8":[2,2],"9":[2,0],"10":[2,0],"11":[0,2],"12":[1,1],"13":[1,0],"14":[1,0],"15":[1,1],"16":[1,0],"17":[1,1],"18":[1,0],"19":[1,0],"20":[2,1],"21":[0,0]},"_coverageSchema":"1a1c01bbd47fc00a2c39e90264f33305004495a9","hash":"78f93f36c5d9ea3cd21e19edda5c826aaae8a6fc"}
,"/Users/polansky/Desktop/apps/noizzy_app_backend/controllers/favorites.js": {"path":"/Users/polansky/Desktop/apps/noizzy_app_backend/controllers/favorites.js","statementMap":{"0":{"start":{"line":1,"column":13},"end":{"line":1,"column":38}},"1":{"start":{"line":2,"column":29},"end":{"line":2,"column":57}},"2":{"start":{"line":3,"column":17},"end":{"line":3,"column":36}},"3":{"start":{"line":4,"column":14},"end":{"line":4,"column":40}},"4":{"start":{"line":6,"column":13},"end":{"line":6,"column":50}},"5":{"start":{"line":6,"column":20},"end":{"line":6,"column":50}},"6":{"start":{"line":8,"column":0},"end":{"line":25,"column":2}},"7":{"start":{"line":9,"column":3},"end":{"line":24,"column":3}},"8":{"start":{"line":10,"column":24},"end":{"line":10,"column":39}},"9":{"start":{"line":11,"column":4},"end":{"line":11,"column":84}},"10":{"start":{"line":11,"column":22},"end":{"line":11,"column":84}},"11":{"start":{"line":13,"column":17},"end":{"line":13,"column":79}},"12":{"start":{"line":14,"column":16},"end":{"line":14,"column":51}},"13":{"start":{"line":16,"column":18},"end":{"line":18,"column":10}},"14":{"start":{"line":20,"column":4},"end":{"line":20,"column":59}},"15":{"start":{"line":22,"column":4},"end":{"line":22,"column":40}},"16":{"start":{"line":23,"column":4},"end":{"line":23,"column":66}},"17":{"start":{"line":27,"column":0},"end":{"line":53,"column":2}},"18":{"start":{"line":28,"column":2},"end":{"line":52,"column":3}},"19":{"start":{"line":29,"column":24},"end":{"line":29,"column":39}},"20":{"start":{"line":30,"column":4},"end":{"line":30,"column":84}},"21":{"start":{"line":30,"column":22},"end":{"line":30,"column":84}},"22":{"start":{"line":32,"column":24},"end":{"line":32,"column":38}},"23":{"start":{"line":33,"column":4},"end":{"line":35,"column":5}},"24":{"start":{"line":34,"column":6},"end":{"line":34,"column":71}},"25":{"start":{"line":37,"column":17},"end":{"line":45,"column":12}},"26":{"start":{"line":47,"column":16},"end":{"line":47,"column":51}},"27":{"start":{"line":48,"column":4},"end":{"line":48,"column":73}},"28":{"start":{"line":50,"column":4},"end":{"line":50,"column":40}},"29":{"start":{"line":51,"column":4},"end":{"line":51,"column":66}},"30":{"start":{"line":55,"column":0},"end":{"line":80,"column":2}},"31":{"start":{"line":56,"column":2},"end":{"line":79,"column":3}},"32":{"start":{"line":57,"column":24},"end":{"line":57,"column":39}},"33":{"start":{"line":58,"column":4},"end":{"line":58,"column":84}},"34":{"start":{"line":58,"column":22},"end":{"line":58,"column":84}},"35":{"start":{"line":60,"column":24},"end":{"line":60,"column":34}},"36":{"start":{"line":61,"column":4},"end":{"line":63,"column":5}},"37":{"start":{"line":62,"column":6},"end":{"line":62,"column":71}},"38":{"start":{"line":65,"column":17},"end":{"line":72,"column":12}},"39":{"start":{"line":74,"column":16},"end":{"line":74,"column":51}},"40":{"start":{"line":75,"column":4},"end":{"line":75,"column":75}},"41":{"start":{"line":77,"column":4},"end":{"line":77,"column":43}},"42":{"start":{"line":78,"column":4},"end":{"line":78,"column":66}}},"fnMap":{"0":{"name":"(anonymous_0)","decl":{"start":{"line":6,"column":13},"end":{"line":6,"column":14}},"loc":{"start":{"line":6,"column":20},"end":{"line":6,"column":50}},"line":6},"1":{"name":"(anonymous_1)","decl":{"start":{"line":8,"column":23},"end":{"line":8,"column":24}},"loc":{"start":{"line":8,"column":43},"end":{"line":25,"column":1}},"line":8},"2":{"name":"(anonymous_2)","decl":{"start":{"line":27,"column":22},"end":{"line":27,"column":23}},"loc":{"start":{"line":27,"column":42},"end":{"line":53,"column":1}},"line":27},"3":{"name":"(anonymous_3)","decl":{"start":{"line":55,"column":25},"end":{"line":55,"column":26}},"loc":{"start":{"line":55,"column":45},"end":{"line":80,"column":1}},"line":55}},"branchMap":{"0":{"loc":{"start":{"line":11,"column":4},"end":{"line":11,"column":84}},"type":"if","locations":[{"start":{"line":11,"column":4},"end":{"line":11,"column":84}},{"start":{},"end":{}}],"line":11},"1":{"loc":{"start":{"line":14,"column":17},"end":{"line":14,"column":38}},"type":"binary-expr","locations":[{"start":{"line":14,"column":17},"end":{"line":14,"column":32}},{"start":{"line":14,"column":36},"end":{"line":14,"column":38}}],"line":14},"2":{"loc":{"start":{"line":16,"column":18},"end":{"line":18,"column":10}},"type":"cond-expr","locations":[{"start":{"line":17,"column":8},"end":{"line":17,"column":64}},{"start":{"line":18,"column":8},"end":{"line":18,"column":10}}],"line":16},"3":{"loc":{"start":{"line":30,"column":4},"end":{"line":30,"column":84}},"type":"if","locations":[{"start":{"line":30,"column":4},"end":{"line":30,"column":84}},{"start":{},"end":{}}],"line":30},"4":{"loc":{"start":{"line":32,"column":24},"end":{"line":32,"column":38}},"type":"binary-expr","locations":[{"start":{"line":32,"column":24},"end":{"line":32,"column":32}},{"start":{"line":32,"column":36},"end":{"line":32,"column":38}}],"line":32},"5":{"loc":{"start":{"line":33,"column":4},"end":{"line":35,"column":5}},"type":"if","locations":[{"start":{"line":33,"column":4},"end":{"line":35,"column":5}},{"start":{},"end":{}}],"line":33},"6":{"loc":{"start":{"line":47,"column":17},"end":{"line":47,"column":38}},"type":"binary-expr","locations":[{"start":{"line":47,"column":17},"end":{"line":47,"column":32}},{"start":{"line":47,"column":36},"end":{"line":47,"column":38}}],"line":47},"7":{"loc":{"start":{"line":58,"column":4},"end":{"line":58,"column":84}},"type":"if","locations":[{"start":{"line":58,"column":4},"end":{"line":58,"column":84}},{"start":{},"end":{}}],"line":58},"8":{"loc":{"start":{"line":61,"column":4},"end":{"line":63,"column":5}},"type":"if","locations":[{"start":{"line":61,"column":4},"end":{"line":63,"column":5}},{"start":{},"end":{}}],"line":61},"9":{"loc":{"start":{"line":74,"column":17},"end":{"line":74,"column":38}},"type":"binary-expr","locations":[{"start":{"line":74,"column":17},"end":{"line":74,"column":32}},{"start":{"line":74,"column":36},"end":{"line":74,"column":38}}],"line":74}},"s":{"0":1,"1":1,"2":1,"3":1,"4":1,"5":6,"6":1,"7":4,"8":4,"9":4,"10":1,"11":3,"12":2,"13":2,"14":2,"15":1,"16":1,"17":1,"18":4,"19":4,"20":4,"21":1,"22":3,"23":3,"24":1,"25":2,"26":1,"27":1,"28":1,"29":1,"30":1,"31":4,"32":4,"33":4,"34":1,"35":3,"36":3,"37":1,"38":2,"39":1,"40":1,"41":1,"42":1},"f":{"0":6,"1":4,"2":4,"3":4},"b":{"0":[1,3],"1":[2,0],"2":[1,1],"3":[1,3],"4":[3,0],"5":[1,2],"6":[1,0],"7":[1,3],"8":[1,2],"9":[1,0]},"_coverageSchema":"1a1c01bbd47fc00a2c39e90264f33305004495a9","hash":"e2224930533b8ca840b1360e9415dd001b0161b2"}
,"/Users/polansky/Desktop/apps/noizzy_app_backend/controllers/stats.js": {"path":"/Users/polansky/Desktop/apps/noizzy_app_backend/controllers/stats.js","statementMap":{"0":{"start":{"line":2,"column":17},"end":{"line":2,"column":36}},"1":{"start":{"line":3,"column":18},"end":{"line":3,"column":37}},"2":{"start":{"line":4,"column":22},"end":{"line":4,"column":56}},"3":{"start":{"line":5,"column":18},"end":{"line":5,"column":48}},"4":{"start":{"line":6,"column":14},"end":{"line":6,"column":40}},"5":{"start":{"line":8,"column":0},"end":{"line":88,"column":2}},"6":{"start":{"line":9,"column":2},"end":{"line":87,"column":3}},"7":{"start":{"line":10,"column":16},"end":{"line":10,"column":37}},"8":{"start":{"line":11,"column":4},"end":{"line":11,"column":69}},"9":{"start":{"line":11,"column":14},"end":{"line":11,"column":69}},"10":{"start":{"line":13,"column":17},"end":{"line":13,"column":71}},"11":{"start":{"line":14,"column":17},"end":{"line":14,"column":55}},"12":{"start":{"line":17,"column":19},"end":{"line":17,"column":22}},"13":{"start":{"line":20,"column":18},"end":{"line":24,"column":6}},"14":{"start":{"line":26,"column":20},"end":{"line":26,"column":62}},"15":{"start":{"line":26,"column":43},"end":{"line":26,"column":58}},"16":{"start":{"line":29,"column":21},"end":{"line":33,"column":6}},"17":{"start":{"line":34,"column":18},"end":{"line":34,"column":41}},"18":{"start":{"line":35,"column":25},"end":{"line":35,"column":55}},"19":{"start":{"line":38,"column":22},"end":{"line":71,"column":6}},"20":{"start":{"line":76,"column":4},"end":{"line":83,"column":7}},"21":{"start":{"line":82,"column":29},"end":{"line":82,"column":54}},"22":{"start":{"line":85,"column":4},"end":{"line":85,"column":47}},"23":{"start":{"line":86,"column":4},"end":{"line":86,"column":76}},"24":{"start":{"line":91,"column":0},"end":{"line":132,"column":2}},"25":{"start":{"line":92,"column":2},"end":{"line":131,"column":3}},"26":{"start":{"line":93,"column":16},"end":{"line":93,"column":37}},"27":{"start":{"line":94,"column":4},"end":{"line":94,"column":69}},"28":{"start":{"line":94,"column":14},"end":{"line":94,"column":69}},"29":{"start":{"line":96,"column":27},"end":{"line":96,"column":41}},"30":{"start":{"line":97,"column":4},"end":{"line":99,"column":5}},"31":{"start":{"line":98,"column":6},"end":{"line":98,"column":60}},"32":{"start":{"line":101,"column":19},"end":{"line":101,"column":22}},"33":{"start":{"line":103,"column":21},"end":{"line":108,"column":5}},"34":{"start":{"line":105,"column":8},"end":{"line":107,"column":29}},"35":{"start":{"line":109,"column":4},"end":{"line":109,"column":82}},"36":{"start":{"line":109,"column":26},"end":{"line":109,"column":82}},"37":{"start":{"line":112,"column":23},"end":{"line":112,"column":99}},"38":{"start":{"line":112,"column":58},"end":{"line":112,"column":66}},"39":{"start":{"line":112,"column":79},"end":{"line":112,"column":96}},"40":{"start":{"line":113,"column":25},"end":{"line":113,"column":27}},"41":{"start":{"line":114,"column":4},"end":{"line":117,"column":5}},"42":{"start":{"line":115,"column":19},"end":{"line":115,"column":94}},"43":{"start":{"line":116,"column":6},"end":{"line":116,"column":93}},"44":{"start":{"line":116,"column":58},"end":{"line":116,"column":90}},"45":{"start":{"line":119,"column":17},"end":{"line":125,"column":7}},"46":{"start":{"line":119,"column":38},"end":{"line":125,"column":5}},"47":{"start":{"line":127,"column":4},"end":{"line":127,"column":61}},"48":{"start":{"line":128,"column":4},"end":{"line":128,"column":54}},"49":{"start":{"line":130,"column":4},"end":{"line":130,"column":58}}},"fnMap":{"0":{"name":"(anonymous_0)","decl":{"start":{"line":8,"column":18},"end":{"line":8,"column":19}},"loc":{"start":{"line":8,"column":38},"end":{"line":88,"column":1}},"line":8},"1":{"name":"(anonymous_1)","decl":{"start":{"line":26,"column":33},"end":{"line":26,"column":34}},"loc":{"start":{"line":26,"column":43},"end":{"line":26,"column":58}},"line":26},"2":{"name":"(anonymous_2)","decl":{"start":{"line":82,"column":23},"end":{"line":82,"column":24}},"loc":{"start":{"line":82,"column":29},"end":{"line":82,"column":54}},"line":82},"3":{"name":"(anonymous_3)","decl":{"start":{"line":91,"column":15},"end":{"line":91,"column":16}},"loc":{"start":{"line":91,"column":35},"end":{"line":132,"column":1}},"line":91},"4":{"name":"(anonymous_4)","decl":{"start":{"line":104,"column":6},"end":{"line":104,"column":7}},"loc":{"start":{"line":105,"column":8},"end":{"line":107,"column":29}},"line":105},"5":{"name":"(anonymous_5)","decl":{"start":{"line":112,"column":51},"end":{"line":112,"column":52}},"loc":{"start":{"line":112,"column":58},"end":{"line":112,"column":66}},"line":112},"6":{"name":"(anonymous_6)","decl":{"start":{"line":112,"column":72},"end":{"line":112,"column":73}},"loc":{"start":{"line":112,"column":79},"end":{"line":112,"column":96}},"line":112},"7":{"name":"(anonymous_7)","decl":{"start":{"line":116,"column":51},"end":{"line":116,"column":52}},"loc":{"start":{"line":116,"column":58},"end":{"line":116,"column":90}},"line":116},"8":{"name":"(anonymous_8)","decl":{"start":{"line":119,"column":30},"end":{"line":119,"column":31}},"loc":{"start":{"line":119,"column":38},"end":{"line":125,"column":5}},"line":119}},"branchMap":{"0":{"loc":{"start":{"line":10,"column":23},"end":{"line":10,"column":36}},"type":"binary-expr","locations":[{"start":{"line":10,"column":23},"end":{"line":10,"column":30}},{"start":{"line":10,"column":34},"end":{"line":10,"column":36}}],"line":10},"1":{"loc":{"start":{"line":11,"column":4},"end":{"line":11,"column":69}},"type":"if","locations":[{"start":{"line":11,"column":4},"end":{"line":11,"column":69}},{"start":{},"end":{}}],"line":11},"2":{"loc":{"start":{"line":13,"column":42},"end":{"line":13,"column":69}},"type":"binary-expr","locations":[{"start":{"line":13,"column":42},"end":{"line":13,"column":64}},{"start":{"line":13,"column":68},"end":{"line":13,"column":69}}],"line":13},"3":{"loc":{"start":{"line":26,"column":48},"end":{"line":26,"column":57}},"type":"binary-expr","locations":[{"start":{"line":26,"column":48},"end":{"line":26,"column":52}},{"start":{"line":26,"column":56},"end":{"line":26,"column":57}}],"line":26},"4":{"loc":{"start":{"line":34,"column":18},"end":{"line":34,"column":41}},"type":"binary-expr","locations":[{"start":{"line":34,"column":18},"end":{"line":34,"column":36}},{"start":{"line":34,"column":40},"end":{"line":34,"column":41}}],"line":34},"5":{"loc":{"start":{"line":35,"column":25},"end":{"line":35,"column":55}},"type":"binary-expr","locations":[{"start":{"line":35,"column":25},"end":{"line":35,"column":50}},{"start":{"line":35,"column":54},"end":{"line":35,"column":55}}],"line":35},"6":{"loc":{"start":{"line":93,"column":23},"end":{"line":93,"column":36}},"type":"binary-expr","locations":[{"start":{"line":93,"column":23},"end":{"line":93,"column":30}},{"start":{"line":93,"column":34},"end":{"line":93,"column":36}}],"line":93},"7":{"loc":{"start":{"line":94,"column":4},"end":{"line":94,"column":69}},"type":"if","locations":[{"start":{"line":94,"column":4},"end":{"line":94,"column":69}},{"start":{},"end":{}}],"line":94},"8":{"loc":{"start":{"line":96,"column":12},"end":{"line":96,"column":22}},"type":"default-arg","locations":[{"start":{"line":96,"column":20},"end":{"line":96,"column":22}}],"line":96},"9":{"loc":{"start":{"line":96,"column":27},"end":{"line":96,"column":41}},"type":"binary-expr","locations":[{"start":{"line":96,"column":27},"end":{"line":96,"column":35}},{"start":{"line":96,"column":39},"end":{"line":96,"column":41}}],"line":96},"10":{"loc":{"start":{"line":97,"column":4},"end":{"line":99,"column":5}},"type":"if","locations":[{"start":{"line":97,"column":4},"end":{"line":99,"column":5}},{"start":{},"end":{}}],"line":97},"11":{"loc":{"start":{"line":97,"column":8},"end":{"line":97,"column":46}},"type":"binary-expr","locations":[{"start":{"line":97,"column":8},"end":{"line":97,"column":29}},{"start":{"line":97,"column":33},"end":{"line":97,"column":46}}],"line":97},"12":{"loc":{"start":{"line":105,"column":8},"end":{"line":107,"column":29}},"type":"binary-expr","locations":[{"start":{"line":105,"column":8},"end":{"line":105,"column":43}},{"start":{"line":106,"column":8},"end":{"line":106,"column":28}},{"start":{"line":107,"column":8},"end":{"line":107,"column":29}}],"line":105},"13":{"loc":{"start":{"line":109,"column":4},"end":{"line":109,"column":82}},"type":"if","locations":[{"start":{"line":109,"column":4},"end":{"line":109,"column":82}},{"start":{},"end":{}}],"line":109},"14":{"loc":{"start":{"line":114,"column":4},"end":{"line":117,"column":5}},"type":"if","locations":[{"start":{"line":114,"column":4},"end":{"line":117,"column":5}},{"start":{},"end":{}}],"line":114},"15":{"loc":{"start":{"line":116,"column":74},"end":{"line":116,"column":89}},"type":"binary-expr","locations":[{"start":{"line":116,"column":74},"end":{"line":116,"column":81}},{"start":{"line":116,"column":85},"end":{"line":116,"column":89}}],"line":116},"16":{"loc":{"start":{"line":122,"column":14},"end":{"line":122,"column":66}},"type":"binary-expr","locations":[{"start":{"line":122,"column":14},"end":{"line":122,"column":21}},{"start":{"line":122,"column":25},"end":{"line":122,"column":58}},{"start":{"line":122,"column":62},"end":{"line":122,"column":66}}],"line":122},"17":{"loc":{"start":{"line":123,"column":21},"end":{"line":123,"column":38}},"type":"binary-expr","locations":[{"start":{"line":123,"column":21},"end":{"line":123,"column":33}},{"start":{"line":123,"column":37},"end":{"line":123,"column":38}}],"line":123},"18":{"loc":{"start":{"line":124,"column":10},"end":{"line":124,"column":44}},"type":"cond-expr","locations":[{"start":{"line":124,"column":17},"end":{"line":124,"column":31}},{"start":{"line":124,"column":34},"end":{"line":124,"column":44}}],"line":124}},"s":{"0":2,"1":2,"2":2,"3":2,"4":2,"5":2,"6":5,"7":5,"8":5,"9":1,"10":4,"11":4,"12":4,"13":4,"14":4,"15":2,"16":4,"17":4,"18":4,"19":4,"20":4,"21":2,"22":0,"23":0,"24":2,"25":5,"26":5,"27":5,"28":1,"29":4,"30":4,"31":1,"32":3,"33":3,"34":5,"35":3,"36":1,"37":2,"38":3,"39":1,"40":2,"41":2,"42":1,"43":1,"44":2,"45":2,"46":3,"47":2,"48":2,"49":0},"f":{"0":5,"1":2,"2":2,"3":5,"4":5,"5":3,"6":1,"7":2,"8":3},"b":{"0":[5,1],"1":[1,4],"2":[4,3],"3":[2,0],"4":[4,3],"5":[4,3],"6":[5,1],"7":[1,4],"8":[1],"9":[4,0],"10":[1,3],"11":[4,4],"12":[5,4,3],"13":[1,2],"14":[1,1],"15":[2,0],"16":[3,1,0],"17":[3,0],"18":[1,2]},"_coverageSchema":"1a1c01bbd47fc00a2c39e90264f33305004495a9","hash":"7d7239d09a58c0439c7dcfb5727f1d1bcbe4439a"}
,"/Users/polansky/Desktop/apps/noizzy_app_backend/database/config.js": {"path":"/Users/polansky/Desktop/apps/noizzy_app_backend/database/config.js","statementMap":{"0":{"start":{"line":1,"column":17},"end":{"line":1,"column":36}},"1":{"start":{"line":4,"column":14},"end":{"line":4,"column":117}},"2":{"start":{"line":5,"column":2},"end":{"line":8,"column":3}},"3":{"start":{"line":6,"column":4},"end":{"line":6,"column":76}},"4":{"start":{"line":7,"column":4},"end":{"line":7,"column":38}},"5":{"start":{"line":10,"column":2},"end":{"line":21,"column":3}},"6":{"start":{"line":11,"column":4},"end":{"line":11,"column":38}},"7":{"start":{"line":12,"column":4},"end":{"line":15,"column":7}},"8":{"start":{"line":16,"column":4},"end":{"line":16,"column":46}},"9":{"start":{"line":18,"column":4},"end":{"line":18,"column":81}},"10":{"start":{"line":20,"column":4},"end":{"line":20,"column":14}},"11":{"start":{"line":24,"column":0},"end":{"line":26,"column":1}}},"fnMap":{"0":{"name":"dbConnection","decl":{"start":{"line":3,"column":15},"end":{"line":3,"column":27}},"loc":{"start":{"line":3,"column":30},"end":{"line":22,"column":1}},"line":3}},"branchMap":{"0":{"loc":{"start":{"line":4,"column":14},"end":{"line":4,"column":117}},"type":"binary-expr","locations":[{"start":{"line":4,"column":14},"end":{"line":4,"column":32}},{"start":{"line":4,"column":36},"end":{"line":4,"column":59}},{"start":{"line":4,"column":63},"end":{"line":4,"column":84}},{"start":{"line":4,"column":88},"end":{"line":4,"column":111}},{"start":{"line":4,"column":115},"end":{"line":4,"column":117}}],"line":4},"1":{"loc":{"start":{"line":5,"column":2},"end":{"line":8,"column":3}},"type":"if","locations":[{"start":{"line":5,"column":2},"end":{"line":8,"column":3}},{"start":{},"end":{}}],"line":5}},"s":{"0":1,"1":0,"2":0,"3":0,"4":0,"5":0,"6":0,"7":0,"8":0,"9":0,"10":0,"11":1},"f":{"0":0},"b":{"0":[0,0,0,0,0],"1":[0,0]},"_coverageSchema":"1a1c01bbd47fc00a2c39e90264f33305004495a9","hash":"58dae6b52948c83743ca5c7429bae76a4bc2c694"}
,"/Users/polansky/Desktop/apps/noizzy_app_backend/firebase/admin.js": {"path":"/Users/polansky/Desktop/apps/noizzy_app_backend/firebase/admin.js","statementMap":{"0":{"start":{"line":1,"column":0},"end":{"line":112,"column":1}},"1":{"start":{"line":4,"column":2},"end":{"line":4,"column":22}},"2":{"start":{"line":8,"column":16},"end":{"line":8,"column":41}},"3":{"start":{"line":9,"column":13},"end":{"line":9,"column":26}},"4":{"start":{"line":12,"column":4},"end":{"line":21,"column":14}},"5":{"start":{"line":13,"column":18},"end":{"line":13,"column":43}},"6":{"start":{"line":15,"column":8},"end":{"line":19,"column":17}},"7":{"start":{"line":20,"column":6},"end":{"line":20,"column":55}},"8":{"start":{"line":26,"column":20},"end":{"line":26,"column":69}},"9":{"start":{"line":27,"column":20},"end":{"line":27,"column":73}},"10":{"start":{"line":28,"column":20},"end":{"line":28,"column":69}},"11":{"start":{"line":30,"column":18},"end":{"line":30,"column":22}},"12":{"start":{"line":32,"column":4},"end":{"line":56,"column":5}},"13":{"start":{"line":33,"column":6},"end":{"line":38,"column":7}},"14":{"start":{"line":34,"column":8},"end":{"line":34,"column":62}},"15":{"start":{"line":35,"column":8},"end":{"line":35,"column":70}},"16":{"start":{"line":37,"column":8},"end":{"line":37,"column":81}},"17":{"start":{"line":39,"column":11},"end":{"line":56,"column":5}},"18":{"start":{"line":40,"column":6},"end":{"line":45,"column":7}},"19":{"start":{"line":41,"column":8},"end":{"line":41,"column":48}},"20":{"start":{"line":42,"column":8},"end":{"line":42,"column":73}},"21":{"start":{"line":44,"column":8},"end":{"line":44,"column":95}},"22":{"start":{"line":46,"column":11},"end":{"line":56,"column":5}},"23":{"start":{"line":48,"column":14},"end":{"line":48,"column":28}},"24":{"start":{"line":49,"column":6},"end":{"line":51,"column":7}},"25":{"start":{"line":50,"column":8},"end":{"line":50,"column":27}},"26":{"start":{"line":52,"column":6},"end":{"line":52,"column":18}},"27":{"start":{"line":53,"column":6},"end":{"line":53,"column":98}},"28":{"start":{"line":55,"column":6},"end":{"line":55,"column":18}},"29":{"start":{"line":59,"column":4},"end":{"line":63,"column":5}},"30":{"start":{"line":60,"column":6},"end":{"line":60,"column":32}},"31":{"start":{"line":62,"column":6},"end":{"line":62,"column":92}},"32":{"start":{"line":66,"column":4},"end":{"line":68,"column":5}},"33":{"start":{"line":67,"column":6},"end":{"line":67,"column":96}},"34":{"start":{"line":72,"column":6},"end":{"line":74,"column":25}},"35":{"start":{"line":76,"column":4},"end":{"line":80,"column":6}},"36":{"start":{"line":83,"column":2},"end":{"line":109,"column":3}},"37":{"start":{"line":84,"column":15},"end":{"line":84,"column":35}},"38":{"start":{"line":86,"column":4},"end":{"line":108,"column":5}},"39":{"start":{"line":87,"column":6},"end":{"line":94,"column":9}},"40":{"start":{"line":95,"column":6},"end":{"line":95,"column":82}},"41":{"start":{"line":96,"column":6},"end":{"line":96,"column":19}},"42":{"start":{"line":97,"column":11},"end":{"line":108,"column":5}},"43":{"start":{"line":99,"column":6},"end":{"line":99,"column":81}},"44":{"start":{"line":100,"column":6},"end":{"line":100,"column":119}},"45":{"start":{"line":101,"column":6},"end":{"line":101,"column":19}},"46":{"start":{"line":103,"column":6},"end":{"line":103,"column":70}},"47":{"start":{"line":104,"column":6},"end":{"line":104,"column":77}},"48":{"start":{"line":105,"column":6},"end":{"line":105,"column":78}},"49":{"start":{"line":106,"column":6},"end":{"line":106,"column":72}},"50":{"start":{"line":107,"column":6},"end":{"line":107,"column":60}},"51":{"start":{"line":111,"column":2},"end":{"line":111,"column":25}}},"fnMap":{"0":{"name":"logProject","decl":{"start":{"line":11,"column":11},"end":{"line":11,"column":21}},"loc":{"start":{"line":11,"column":24},"end":{"line":22,"column":3}},"line":11},"1":{"name":"loadServiceAccount","decl":{"start":{"line":24,"column":11},"end":{"line":24,"column":29}},"loc":{"start":{"line":24,"column":32},"end":{"line":81,"column":3}},"line":24}},"branchMap":{"0":{"loc":{"start":{"line":1,"column":0},"end":{"line":112,"column":1}},"type":"if","locations":[{"start":{"line":1,"column":0},"end":{"line":112,"column":1}},{"start":{"line":5,"column":7},"end":{"line":112,"column":1}}],"line":1},"1":{"loc":{"start":{"line":1,"column":4},"end":{"line":1,"column":57}},"type":"binary-expr","locations":[{"start":{"line":1,"column":4},"end":{"line":1,"column":22}},{"start":{"line":1,"column":26},"end":{"line":1,"column":57}}],"line":1},"2":{"loc":{"start":{"line":13,"column":18},"end":{"line":13,"column":43}},"type":"binary-expr","locations":[{"start":{"line":13,"column":18},"end":{"line":13,"column":37}},{"start":{"line":13,"column":41},"end":{"line":13,"column":43}}],"line":13},"3":{"loc":{"start":{"line":15,"column":8},"end":{"line":19,"column":17}},"type":"binary-expr","locations":[{"start":{"line":15,"column":8},"end":{"line":15,"column":21}},{"start":{"line":16,"column":9},"end":{"line":16,"column":23}},{"start":{"line":16,"column":27},"end":{"line":16,"column":51}},{"start":{"line":17,"column":8},"end":{"line":17,"column":39}},{"start":{"line":18,"column":8},"end":{"line":18,"column":40}},{"start":{"line":19,"column":8},"end":{"line":19,"column":17}}],"line":15},"4":{"loc":{"start":{"line":26,"column":20},"end":{"line":26,"column":69}},"type":"binary-expr","locations":[{"start":{"line":26,"column":20},"end":{"line":26,"column":61}},{"start":{"line":26,"column":65},"end":{"line":26,"column":69}}],"line":26},"5":{"loc":{"start":{"line":27,"column":20},"end":{"line":27,"column":73}},"type":"binary-expr","locations":[{"start":{"line":27,"column":20},"end":{"line":27,"column":65}},{"start":{"line":27,"column":69},"end":{"line":27,"column":73}}],"line":27},"6":{"loc":{"start":{"line":28,"column":20},"end":{"line":28,"column":69}},"type":"binary-expr","locations":[{"start":{"line":28,"column":20},"end":{"line":28,"column":61}},{"start":{"line":28,"column":65},"end":{"line":28,"column":69}}],"line":28},"7":{"loc":{"start":{"line":32,"column":4},"end":{"line":56,"column":5}},"type":"if","locations":[{"start":{"line":32,"column":4},"end":{"line":56,"column":5}},{"start":{"line":39,"column":11},"end":{"line":56,"column":5}}],"line":32},"8":{"loc":{"start":{"line":39,"column":11},"end":{"line":56,"column":5}},"type":"if","locations":[{"start":{"line":39,"column":11},"end":{"line":56,"column":5}},{"start":{"line":46,"column":11},"end":{"line":56,"column":5}}],"line":39},"9":{"loc":{"start":{"line":46,"column":11},"end":{"line":56,"column":5}},"type":"if","locations":[{"start":{"line":46,"column":11},"end":{"line":56,"column":5}},{"start":{"line":54,"column":11},"end":{"line":56,"column":5}}],"line":46},"10":{"loc":{"start":{"line":49,"column":6},"end":{"line":51,"column":7}},"type":"if","locations":[{"start":{"line":49,"column":6},"end":{"line":51,"column":7}},{"start":{},"end":{}}],"line":49},"11":{"loc":{"start":{"line":49,"column":10},"end":{"line":49,"column":90}},"type":"binary-expr","locations":[{"start":{"line":49,"column":11},"end":{"line":49,"column":28}},{"start":{"line":49,"column":32},"end":{"line":49,"column":47}},{"start":{"line":49,"column":53},"end":{"line":49,"column":70}},{"start":{"line":49,"column":74},"end":{"line":49,"column":89}}],"line":49},"12":{"loc":{"start":{"line":66,"column":4},"end":{"line":68,"column":5}},"type":"if","locations":[{"start":{"line":66,"column":4},"end":{"line":68,"column":5}},{"start":{},"end":{}}],"line":66},"13":{"loc":{"start":{"line":66,"column":8},"end":{"line":66,"column":64}},"type":"binary-expr","locations":[{"start":{"line":66,"column":8},"end":{"line":66,"column":23}},{"start":{"line":66,"column":27},"end":{"line":66,"column":44}},{"start":{"line":66,"column":48},"end":{"line":66,"column":64}}],"line":66},"14":{"loc":{"start":{"line":72,"column":6},"end":{"line":74,"column":25}},"type":"cond-expr","locations":[{"start":{"line":73,"column":10},"end":{"line":73,"column":47}},{"start":{"line":74,"column":10},"end":{"line":74,"column":25}}],"line":72},"15":{"loc":{"start":{"line":72,"column":6},"end":{"line":72,"column":76}},"type":"binary-expr","locations":[{"start":{"line":72,"column":6},"end":{"line":72,"column":41}},{"start":{"line":72,"column":45},"end":{"line":72,"column":76}}],"line":72},"16":{"loc":{"start":{"line":83,"column":2},"end":{"line":109,"column":3}},"type":"if","locations":[{"start":{"line":83,"column":2},"end":{"line":109,"column":3}},{"start":{},"end":{}}],"line":83},"17":{"loc":{"start":{"line":86,"column":4},"end":{"line":108,"column":5}},"type":"if","locations":[{"start":{"line":86,"column":4},"end":{"line":108,"column":5}},{"start":{"line":97,"column":11},"end":{"line":108,"column":5}}],"line":86},"18":{"loc":{"start":{"line":97,"column":11},"end":{"line":108,"column":5}},"type":"if","locations":[{"start":{"line":97,"column":11},"end":{"line":108,"column":5}},{"start":{"line":102,"column":11},"end":{"line":108,"column":5}}],"line":97}},"s":{"0":1,"1":1,"2":0,"3":0,"4":0,"5":0,"6":0,"7":0,"8":0,"9":0,"10":0,"11":0,"12":0,"13":0,"14":0,"15":0,"16":0,"17":0,"18":0,"19":0,"20":0,"21":0,"22":0,"23":0,"24":0,"25":0,"26":0,"27":0,"28":0,"29":0,"30":0,"31":0,"32":0,"33":0,"34":0,"35":0,"36":0,"37":0,"38":0,"39":0,"40":0,"41":0,"42":0,"43":0,"44":0,"45":0,"46":0,"47":0,"48":0,"49":0,"50":0,"51":0},"f":{"0":0,"1":0},"b":{"0":[1,0],"1":[1,1],"2":[0,0],"3":[0,0,0,0,0,0],"4":[0,0],"5":[0,0],"6":[0,0],"7":[0,0],"8":[0,0],"9":[0,0],"10":[0,0],"11":[0,0,0,0],"12":[0,0],"13":[0,0,0],"14":[0,0],"15":[0,0],"16":[0,0],"17":[0,0],"18":[0,0]},"_coverageSchema":"1a1c01bbd47fc00a2c39e90264f33305004495a9","hash":"7d4789beae92cf6ce5f3745e5ed79438c2cadce7"}
,"/Users/polansky/Desktop/apps/noizzy_app_backend/helpers/jwt.js": {"path":"/Users/polansky/Desktop/apps/noizzy_app_backend/helpers/jwt.js","statementMap":{"0":{"start":{"line":1,"column":12},"end":{"line":1,"column":35}},"1":{"start":{"line":3,"column":20},"end":{"line":24,"column":1}},"2":{"start":{"line":5,"column":4},"end":{"line":23,"column":6}},"3":{"start":{"line":7,"column":24},"end":{"line":11,"column":9}},"4":{"start":{"line":13,"column":8},"end":{"line":22,"column":10}},"5":{"start":{"line":17,"column":12},"end":{"line":20,"column":13}},"6":{"start":{"line":18,"column":16},"end":{"line":18,"column":59}},"7":{"start":{"line":19,"column":16},"end":{"line":19,"column":46}},"8":{"start":{"line":21,"column":12},"end":{"line":21,"column":29}},"9":{"start":{"line":26,"column":0},"end":{"line":28,"column":1}}},"fnMap":{"0":{"name":"(anonymous_0)","decl":{"start":{"line":3,"column":20},"end":{"line":3,"column":21}},"loc":{"start":{"line":3,"column":45},"end":{"line":24,"column":1}},"line":3},"1":{"name":"(anonymous_1)","decl":{"start":{"line":5,"column":23},"end":{"line":5,"column":24}},"loc":{"start":{"line":5,"column":44},"end":{"line":23,"column":5}},"line":5},"2":{"name":"(anonymous_2)","decl":{"start":{"line":15,"column":11},"end":{"line":15,"column":12}},"loc":{"start":{"line":15,"column":27},"end":{"line":22,"column":9}},"line":15}},"branchMap":{"0":{"loc":{"start":{"line":3,"column":30},"end":{"line":3,"column":39}},"type":"default-arg","locations":[{"start":{"line":3,"column":37},"end":{"line":3,"column":39}}],"line":3},"1":{"loc":{"start":{"line":17,"column":12},"end":{"line":20,"column":13}},"type":"if","locations":[{"start":{"line":17,"column":12},"end":{"line":20,"column":13}},{"start":{},"end":{}}],"line":17}},"s":{"0":1,"1":1,"2":4,"3":4,"4":4,"5":4,"6":1,"7":1,"8":4,"9":1},"f":{"0":4,"1":4,"2":4},"b":{"0":[1],"1":[1,3]},"_coverageSchema":"1a1c01bbd47fc00a2c39e90264f33305004495a9","hash":"779f23b001c18ca24e305bd1009daa8d96aa789e"}
,"/Users/polansky/Desktop/apps/noizzy_app_backend/middlewares/fields-validators.js": {"path":"/Users/polansky/Desktop/apps/noizzy_app_backend/middlewares/fields-validators.js","statementMap":{"0":{"start":{"line":1,"column":21},"end":{"line":1,"column":39}},"1":{"start":{"line":2,"column":29},"end":{"line":2,"column":57}},"2":{"start":{"line":5,"column":24},"end":{"line":18,"column":1}},"3":{"start":{"line":8,"column":19},"end":{"line":8,"column":42}},"4":{"start":{"line":9,"column":4},"end":{"line":14,"column":5}},"5":{"start":{"line":10,"column":8},"end":{"line":13,"column":11}},"6":{"start":{"line":16,"column":4},"end":{"line":16,"column":11}},"7":{"start":{"line":21,"column":0},"end":{"line":23,"column":1}}},"fnMap":{"0":{"name":"(anonymous_0)","decl":{"start":{"line":5,"column":24},"end":{"line":5,"column":25}},"loc":{"start":{"line":5,"column":55},"end":{"line":18,"column":1}},"line":5}},"branchMap":{"0":{"loc":{"start":{"line":5,"column":30},"end":{"line":5,"column":44}},"type":"default-arg","locations":[{"start":{"line":5,"column":36},"end":{"line":5,"column":44}}],"line":5},"1":{"loc":{"start":{"line":9,"column":4},"end":{"line":14,"column":5}},"type":"if","locations":[{"start":{"line":9,"column":4},"end":{"line":14,"column":5}},{"start":{},"end":{}}],"line":9}},"s":{"0":1,"1":1,"2":1,"3":5,"4":5,"5":3,"6":2,"7":1},"f":{"0":5},"b":{"0":[0],"1":[3,2]},"_coverageSchema":"1a1c01bbd47fc00a2c39e90264f33305004495a9","hash":"c096a0de72fb64c52b54d5c594e1d32bf7c7a57a"}
,"/Users/polansky/Desktop/apps/noizzy_app_backend/middlewares/validate-jwt.js": {"path":"/Users/polansky/Desktop/apps/noizzy_app_backend/middlewares/validate-jwt.js","statementMap":{"0":{"start":{"line":1,"column":14},"end":{"line":1,"column":42}},"1":{"start":{"line":2,"column":21},"end":{"line":2,"column":39}},"2":{"start":{"line":4,"column":13},"end":{"line":4,"column":82}},"3":{"start":{"line":4,"column":21},"end":{"line":4,"column":81}},"4":{"start":{"line":7,"column":14},"end":{"line":7,"column":58}},"5":{"start":{"line":8,"column":14},"end":{"line":8,"column":52}},"6":{"start":{"line":9,"column":2},"end":{"line":9,"column":71}},"7":{"start":{"line":13,"column":14},"end":{"line":13,"column":60}},"8":{"start":{"line":14,"column":2},"end":{"line":14,"column":146}},"9":{"start":{"line":16,"column":2},"end":{"line":18,"column":3}},"10":{"start":{"line":17,"column":4},"end":{"line":17,"column":85}},"11":{"start":{"line":20,"column":16},"end":{"line":20,"column":90}},"12":{"start":{"line":22,"column":2},"end":{"line":28,"column":3}},"13":{"start":{"line":23,"column":18},"end":{"line":23,"column":34}},"14":{"start":{"line":24,"column":20},"end":{"line":24,"column":45}},"15":{"start":{"line":25,"column":4},"end":{"line":25,"column":77}},"16":{"start":{"line":27,"column":4},"end":{"line":27,"column":66}},"17":{"start":{"line":30,"column":2},"end":{"line":32,"column":12}},"18":{"start":{"line":31,"column":4},"end":{"line":31,"column":69}},"19":{"start":{"line":34,"column":2},"end":{"line":42,"column":3}},"20":{"start":{"line":35,"column":20},"end":{"line":35,"column":59}},"21":{"start":{"line":36,"column":4},"end":{"line":36,"column":47}},"22":{"start":{"line":37,"column":4},"end":{"line":37,"column":26}},"23":{"start":{"line":38,"column":4},"end":{"line":38,"column":18}},"24":{"start":{"line":40,"column":4},"end":{"line":40,"column":74}},"25":{"start":{"line":41,"column":4},"end":{"line":41,"column":116}},"26":{"start":{"line":46,"column":0},"end":{"line":46,"column":33}}},"fnMap":{"0":{"name":"(anonymous_0)","decl":{"start":{"line":4,"column":13},"end":{"line":4,"column":14}},"loc":{"start":{"line":4,"column":21},"end":{"line":4,"column":81}},"line":4},"1":{"name":"base64urlToJson","decl":{"start":{"line":6,"column":9},"end":{"line":6,"column":24}},"loc":{"start":{"line":6,"column":33},"end":{"line":10,"column":1}},"line":6},"2":{"name":"validateJWT","decl":{"start":{"line":12,"column":15},"end":{"line":12,"column":26}},"loc":{"start":{"line":12,"column":54},"end":{"line":44,"column":1}},"line":12}},"branchMap":{"0":{"loc":{"start":{"line":4,"column":21},"end":{"line":4,"column":81}},"type":"cond-expr","locations":[{"start":{"line":4,"column":25},"end":{"line":4,"column":75}},{"start":{"line":4,"column":78},"end":{"line":4,"column":81}}],"line":4},"1":{"loc":{"start":{"line":12,"column":32},"end":{"line":12,"column":46}},"type":"default-arg","locations":[{"start":{"line":12,"column":38},"end":{"line":12,"column":46}}],"line":12},"2":{"loc":{"start":{"line":13,"column":14},"end":{"line":13,"column":60}},"type":"binary-expr","locations":[{"start":{"line":13,"column":14},"end":{"line":13,"column":38}},{"start":{"line":13,"column":42},"end":{"line":13,"column":60}}],"line":13},"3":{"loc":{"start":{"line":14,"column":32},"end":{"line":14,"column":144}},"type":"cond-expr","locations":[{"start":{"line":14,"column":39},"end":{"line":14,"column":137}},{"start":{"line":14,"column":141},"end":{"line":14,"column":144}}],"line":14},"4":{"loc":{"start":{"line":14,"column":39},"end":{"line":14,"column":137}},"type":"cond-expr","locations":[{"start":{"line":14,"column":81},"end":{"line":14,"column":118}},{"start":{"line":14,"column":121},"end":{"line":14,"column":137}}],"line":14},"5":{"loc":{"start":{"line":16,"column":2},"end":{"line":18,"column":3}},"type":"if","locations":[{"start":{"line":16,"column":2},"end":{"line":18,"column":3}},{"start":{},"end":{}}],"line":16},"6":{"loc":{"start":{"line":20,"column":16},"end":{"line":20,"column":90}},"type":"cond-expr","locations":[{"start":{"line":20,"column":58},"end":{"line":20,"column":77}},{"start":{"line":20,"column":80},"end":{"line":20,"column":90}}],"line":20},"7":{"loc":{"start":{"line":40,"column":49},"end":{"line":40,"column":72}},"type":"binary-expr","locations":[{"start":{"line":40,"column":49},"end":{"line":40,"column":57}},{"start":{"line":40,"column":61},"end":{"line":40,"column":72}}],"line":40},"8":{"loc":{"start":{"line":41,"column":51},"end":{"line":41,"column":78}},"type":"binary-expr","locations":[{"start":{"line":41,"column":51},"end":{"line":41,"column":59}},{"start":{"line":41,"column":63},"end":{"line":41,"column":78}}],"line":41}},"s":{"0":1,"1":1,"2":1,"3":4,"4":4,"5":3,"6":3,"7":5,"8":5,"9":5,"10":1,"11":4,"12":4,"13":4,"14":4,"15":0,"16":4,"17":4,"18":4,"19":4,"20":4,"21":2,"22":2,"23":2,"24":2,"25":2,"26":1},"f":{"0":4,"1":4,"2":5},"b":{"0":[4,0],"1":[0],"2":[5,2],"3":[4,1],"4":[3,1],"5":[1,4],"6":[3,1],"7":[2,1],"8":[2,1]},"_coverageSchema":"1a1c01bbd47fc00a2c39e90264f33305004495a9","hash":"bb26919f275e65660fd3cec4cdaca9242d83ff13"}
,"/Users/polansky/Desktop/apps/noizzy_app_backend/models/ListeningTick.js": {"path":"/Users/polansky/Desktop/apps/noizzy_app_backend/models/ListeningTick.js","statementMap":{"0":{"start":{"line":1,"column":17},"end":{"line":1,"column":36}},"1":{"start":{"line":3,"column":28},"end":{"line":9,"column":25}},"2":{"start":{"line":11,"column":0},"end":{"line":11,"column":48}},"3":{"start":{"line":12,"column":0},"end":{"line":12,"column":60}},"4":{"start":{"line":14,"column":0},"end":{"line":14,"column":70}}},"fnMap":{},"branchMap":{},"s":{"0":2,"1":2,"2":2,"3":2,"4":2},"f":{},"b":{},"_coverageSchema":"1a1c01bbd47fc00a2c39e90264f33305004495a9","hash":"aacdb8e5712424617b5ac93e8133df1140b6bee1"}
,"/Users/polansky/Desktop/apps/noizzy_app_backend/models/PlayEvent.js": {"path":"/Users/polansky/Desktop/apps/noizzy_app_backend/models/PlayEvent.js","statementMap":{"0":{"start":{"line":1,"column":17},"end":{"line":1,"column":36}},"1":{"start":{"line":3,"column":24},"end":{"line":8,"column":24}},"2":{"start":{"line":10,"column":0},"end":{"line":10,"column":44}},"3":{"start":{"line":11,"column":0},"end":{"line":11,"column":62}}},"fnMap":{},"branchMap":{},"s":{"0":2,"1":2,"2":2,"3":2},"f":{},"b":{},"_coverageSchema":"1a1c01bbd47fc00a2c39e90264f33305004495a9","hash":"6c6ff30f2ce2d89fca3614ff50ed55bd7a84baeb"}
,"/Users/polansky/Desktop/apps/noizzy_app_backend/models/Track.js": {"path":"/Users/polansky/Desktop/apps/noizzy_app_backend/models/Track.js","statementMap":{"0":{"start":{"line":1,"column":26},"end":{"line":1,"column":45}},"1":{"start":{"line":3,"column":20},"end":{"line":34,"column":2}},"2":{"start":{"line":36,"column":0},"end":{"line":36,"column":46}}},"fnMap":{},"branchMap":{},"s":{"0":2,"1":2,"2":2},"f":{},"b":{},"_coverageSchema":"1a1c01bbd47fc00a2c39e90264f33305004495a9","hash":"4be7175d08a7591c76aec807560e6be9eb99190a"}
,"/Users/polansky/Desktop/apps/noizzy_app_backend/models/User.js": {"path":"/Users/polansky/Desktop/apps/noizzy_app_backend/models/User.js","statementMap":{"0":{"start":{"line":1,"column":26},"end":{"line":1,"column":45}},"1":{"start":{"line":3,"column":19},"end":{"line":25,"column":1}},"2":{"start":{"line":27,"column":0},"end":{"line":27,"column":69}},"3":{"start":{"line":28,"column":0},"end":{"line":28,"column":63}},"4":{"start":{"line":30,"column":0},"end":{"line":30,"column":43}}},"fnMap":{},"branchMap":{},"s":{"0":1,"1":1,"2":1,"3":1,"4":1},"f":{},"b":{},"_coverageSchema":"1a1c01bbd47fc00a2c39e90264f33305004495a9","hash":"e472adab8b1890831109c564269e90dee627740b"}
,"/Users/polansky/Desktop/apps/noizzy_app_backend/routes/auth.js": {"path":"/Users/polansky/Desktop/apps/noizzy_app_backend/routes/auth.js","statementMap":{"0":{"start":{"line":3,"column":19},"end":{"line":3,"column":37}},"1":{"start":{"line":4,"column":18},"end":{"line":4,"column":46}},"2":{"start":{"line":5,"column":28},"end":{"line":5,"column":71}},"3":{"start":{"line":6,"column":24},"end":{"line":6,"column":62}},"4":{"start":{"line":8,"column":15},"end":{"line":8,"column":23}},"5":{"start":{"line":11,"column":22},"end":{"line":13,"column":1}},"6":{"start":{"line":12,"column":4},"end":{"line":12,"column":42}},"7":{"start":{"line":16,"column":0},"end":{"line":26,"column":2}},"8":{"start":{"line":25,"column":24},"end":{"line":25,"column":66}},"9":{"start":{"line":28,"column":0},"end":{"line":37,"column":2}},"10":{"start":{"line":36,"column":24},"end":{"line":36,"column":65}},"11":{"start":{"line":40,"column":0},"end":{"line":44,"column":2}},"12":{"start":{"line":43,"column":24},"end":{"line":43,"column":66}},"13":{"start":{"line":46,"column":0},"end":{"line":49,"column":2}},"14":{"start":{"line":48,"column":24},"end":{"line":48,"column":68}},"15":{"start":{"line":52,"column":0},"end":{"line":52,"column":24}}},"fnMap":{"0":{"name":"(anonymous_0)","decl":{"start":{"line":11,"column":22},"end":{"line":11,"column":23}},"loc":{"start":{"line":11,"column":28},"end":{"line":13,"column":1}},"line":11},"1":{"name":"(anonymous_1)","decl":{"start":{"line":25,"column":4},"end":{"line":25,"column":5}},"loc":{"start":{"line":25,"column":24},"end":{"line":25,"column":66}},"line":25},"2":{"name":"(anonymous_2)","decl":{"start":{"line":36,"column":4},"end":{"line":36,"column":5}},"loc":{"start":{"line":36,"column":24},"end":{"line":36,"column":65}},"line":36},"3":{"name":"(anonymous_3)","decl":{"start":{"line":43,"column":4},"end":{"line":43,"column":5}},"loc":{"start":{"line":43,"column":24},"end":{"line":43,"column":66}},"line":43},"4":{"name":"(anonymous_4)","decl":{"start":{"line":48,"column":4},"end":{"line":48,"column":5}},"loc":{"start":{"line":48,"column":24},"end":{"line":48,"column":68}},"line":48}},"branchMap":{},"s":{"0":1,"1":1,"2":1,"3":1,"4":1,"5":1,"6":4,"7":1,"8":1,"9":1,"10":1,"11":1,"12":1,"13":1,"14":1,"15":1},"f":{"0":4,"1":1,"2":1,"3":1,"4":1},"b":{},"_coverageSchema":"1a1c01bbd47fc00a2c39e90264f33305004495a9","hash":"a81bded0988494da2b5577362a799bc6a49ba665"}
,"/Users/polansky/Desktop/apps/noizzy_app_backend/routes/favorites.js": {"path":"/Users/polansky/Desktop/apps/noizzy_app_backend/routes/favorites.js","statementMap":{"0":{"start":{"line":1,"column":19},"end":{"line":1,"column":37}},"1":{"start":{"line":2,"column":18},"end":{"line":2,"column":46}},"2":{"start":{"line":5,"column":28},"end":{"line":5,"column":71}},"3":{"start":{"line":8,"column":24},"end":{"line":8,"column":62}},"4":{"start":{"line":10,"column":54},"end":{"line":10,"column":89}},"5":{"start":{"line":13,"column":15},"end":{"line":13,"column":23}},"6":{"start":{"line":17,"column":0},"end":{"line":17,"column":43}},"7":{"start":{"line":19,"column":0},"end":{"line":27,"column":2}},"8":{"start":{"line":29,"column":0},"end":{"line":29,"column":56}},"9":{"start":{"line":31,"column":0},"end":{"line":31,"column":24}}},"fnMap":{},"branchMap":{},"s":{"0":1,"1":1,"2":1,"3":1,"4":1,"5":1,"6":1,"7":1,"8":1,"9":1},"f":{},"b":{},"_coverageSchema":"1a1c01bbd47fc00a2c39e90264f33305004495a9","hash":"27ed785942bce8eeefb449d70cee9dc55cab253d"}
,"/Users/polansky/Desktop/apps/noizzy_app_backend/routes/stats.js": {"path":"/Users/polansky/Desktop/apps/noizzy_app_backend/routes/stats.js","statementMap":{"0":{"start":{"line":1,"column":19},"end":{"line":1,"column":37}},"1":{"start":{"line":2,"column":18},"end":{"line":2,"column":48}},"2":{"start":{"line":3,"column":22},"end":{"line":3,"column":56}},"3":{"start":{"line":4,"column":17},"end":{"line":4,"column":36}},"4":{"start":{"line":5,"column":24},"end":{"line":5,"column":62}},"5":{"start":{"line":8,"column":27},"end":{"line":8,"column":64}},"6":{"start":{"line":8,"column":33},"end":{"line":8,"column":64}},"7":{"start":{"line":9,"column":26},"end":{"line":9,"column":46}},"8":{"start":{"line":11,"column":15},"end":{"line":11,"column":23}},"9":{"start":{"line":13,"column":23},"end":{"line":19,"column":1}},"10":{"start":{"line":14,"column":0},"end":{"line":14,"column":20}},"11":{"start":{"line":14,"column":8},"end":{"line":14,"column":20}},"12":{"start":{"line":15,"column":10},"end":{"line":15,"column":40}},"13":{"start":{"line":16,"column":0},"end":{"line":16,"column":65}},"14":{"start":{"line":16,"column":48},"end":{"line":16,"column":65}},"15":{"start":{"line":17,"column":0},"end":{"line":17,"column":40}},"16":{"start":{"line":17,"column":21},"end":{"line":17,"column":40}},"17":{"start":{"line":18,"column":0},"end":{"line":18,"column":50}},"18":{"start":{"line":21,"column":0},"end":{"line":42,"column":3}},"19":{"start":{"line":22,"column":2},"end":{"line":41,"column":3}},"20":{"start":{"line":23,"column":16},"end":{"line":23,"column":37}},"21":{"start":{"line":24,"column":4},"end":{"line":24,"column":92}},"22":{"start":{"line":24,"column":14},"end":{"line":24,"column":92}},"23":{"start":{"line":26,"column":31},"end":{"line":26,"column":45}},"24":{"start":{"line":27,"column":4},"end":{"line":29,"column":5}},"25":{"start":{"line":28,"column":6},"end":{"line":28,"column":91}},"26":{"start":{"line":31,"column":4},"end":{"line":36,"column":7}},"27":{"start":{"line":38,"column":4},"end":{"line":38,"column":27}},"28":{"start":{"line":40,"column":4},"end":{"line":40,"column":80}},"29":{"start":{"line":45,"column":0},"end":{"line":45,"column":27}},"30":{"start":{"line":46,"column":0},"end":{"line":46,"column":32}},"31":{"start":{"line":49,"column":0},"end":{"line":63,"column":3}},"32":{"start":{"line":50,"column":2},"end":{"line":62,"column":3}},"33":{"start":{"line":51,"column":16},"end":{"line":51,"column":37}},"34":{"start":{"line":52,"column":4},"end":{"line":52,"column":92}},"35":{"start":{"line":52,"column":14},"end":{"line":52,"column":92}},"36":{"start":{"line":54,"column":18},"end":{"line":57,"column":13}},"37":{"start":{"line":59,"column":4},"end":{"line":59,"column":20}},"38":{"start":{"line":61,"column":4},"end":{"line":61,"column":80}},"39":{"start":{"line":65,"column":0},"end":{"line":65,"column":24}}},"fnMap":{"0":{"name":"(anonymous_0)","decl":{"start":{"line":8,"column":27},"end":{"line":8,"column":28}},"loc":{"start":{"line":8,"column":33},"end":{"line":8,"column":64}},"line":8},"1":{"name":"(anonymous_1)","decl":{"start":{"line":13,"column":23},"end":{"line":13,"column":24}},"loc":{"start":{"line":13,"column":30},"end":{"line":19,"column":1}},"line":13},"2":{"name":"(anonymous_2)","decl":{"start":{"line":21,"column":34},"end":{"line":21,"column":35}},"loc":{"start":{"line":21,"column":54},"end":{"line":42,"column":1}},"line":21},"3":{"name":"(anonymous_3)","decl":{"start":{"line":49,"column":35},"end":{"line":49,"column":36}},"loc":{"start":{"line":49,"column":55},"end":{"line":63,"column":1}},"line":49}},"branchMap":{"0":{"loc":{"start":{"line":14,"column":0},"end":{"line":14,"column":20}},"type":"if","locations":[{"start":{"line":14,"column":0},"end":{"line":14,"column":20}},{"start":{},"end":{}}],"line":14},"1":{"loc":{"start":{"line":16,"column":0},"end":{"line":16,"column":65}},"type":"if","locations":[{"start":{"line":16,"column":0},"end":{"line":16,"column":65}},{"start":{},"end":{}}],"line":16},"2":{"loc":{"start":{"line":17,"column":0},"end":{"line":17,"column":40}},"type":"if","locations":[{"start":{"line":17,"column":0},"end":{"line":17,"column":40}},{"start":{},"end":{}}],"line":17},"3":{"loc":{"start":{"line":18,"column":7},"end":{"line":18,"column":49}},"type":"cond-expr","locations":[{"start":{"line":18,"column":11},"end":{"line":18,"column":42}},{"start":{"line":18,"column":45},"end":{"line":18,"column":49}}],"line":18},"4":{"loc":{"start":{"line":23,"column":23},"end":{"line":23,"column":36}},"type":"binary-expr","locations":[{"start":{"line":23,"column":23},"end":{"line":23,"column":30}},{"start":{"line":23,"column":34},"end":{"line":23,"column":36}}],"line":23},"5":{"loc":{"start":{"line":24,"column":4},"end":{"line":24,"column":92}},"type":"if","locations":[{"start":{"line":24,"column":4},"end":{"line":24,"column":92}},{"start":{},"end":{}}],"line":24},"6":{"loc":{"start":{"line":26,"column":31},"end":{"line":26,"column":45}},"type":"binary-expr","locations":[{"start":{"line":26,"column":31},"end":{"line":26,"column":39}},{"start":{"line":26,"column":43},"end":{"line":26,"column":45}}],"line":26},"7":{"loc":{"start":{"line":27,"column":4},"end":{"line":29,"column":5}},"type":"if","locations":[{"start":{"line":27,"column":4},"end":{"line":29,"column":5}},{"start":{},"end":{}}],"line":27},"8":{"loc":{"start":{"line":34,"column":13},"end":{"line":34,"column":42}},"type":"binary-expr","locations":[{"start":{"line":34,"column":13},"end":{"line":34,"column":34}},{"start":{"line":34,"column":38},"end":{"line":34,"column":42}}],"line":34},"9":{"loc":{"start":{"line":51,"column":23},"end":{"line":51,"column":36}},"type":"binary-expr","locations":[{"start":{"line":51,"column":23},"end":{"line":51,"column":30}},{"start":{"line":51,"column":34},"end":{"line":51,"column":36}}],"line":51},"10":{"loc":{"start":{"line":52,"column":4},"end":{"line":52,"column":92}},"type":"if","locations":[{"start":{"line":52,"column":4},"end":{"line":52,"column":92}},{"start":{},"end":{}}],"line":52}},"s":{"0":2,"1":2,"2":2,"3":2,"4":2,"5":2,"6":2,"7":2,"8":2,"9":2,"10":2,"11":0,"12":2,"13":2,"14":1,"15":1,"16":1,"17":0,"18":2,"19":4,"20":4,"21":4,"22":1,"23":3,"24":3,"25":1,"26":2,"27":1,"28":1,"29":2,"30":2,"31":2,"32":1,"33":1,"34":1,"35":0,"36":1,"37":1,"38":0,"39":2},"f":{"0":2,"1":2,"2":4,"3":1},"b":{"0":[0,2],"1":[1,1],"2":[1,0],"3":[0,0],"4":[4,1],"5":[1,3],"6":[3,0],"7":[1,2],"8":[2,0],"9":[1,0],"10":[0,1]},"_coverageSchema":"1a1c01bbd47fc00a2c39e90264f33305004495a9","hash":"5ec02266a5f6a05b5f6d204b12ae307b04a60727"}
,"/Users/polansky/Desktop/apps/noizzy_app_backend/routes/tracks.js": {"path":"/Users/polansky/Desktop/apps/noizzy_app_backend/routes/tracks.js","statementMap":{"0":{"start":{"line":2,"column":15},"end":{"line":2,"column":42}},"1":{"start":{"line":3,"column":14},"end":{"line":3,"column":40}},"2":{"start":{"line":5,"column":20},"end":{"line":5,"column":65}},"3":{"start":{"line":5,"column":25},"end":{"line":5,"column":65}},"4":{"start":{"line":8,"column":22},"end":{"line":21,"column":1}},"5":{"start":{"line":9,"column":2},"end":{"line":9,"column":60}},"6":{"start":{"line":9,"column":51},"end":{"line":9,"column":60}},"7":{"start":{"line":10,"column":2},"end":{"line":15,"column":3}},"8":{"start":{"line":11,"column":14},"end":{"line":11,"column":46}},"9":{"start":{"line":12,"column":4},"end":{"line":12,"column":41}},"10":{"start":{"line":12,"column":11},"end":{"line":12,"column":41}},"11":{"start":{"line":13,"column":14},"end":{"line":13,"column":23}},"12":{"start":{"line":14,"column":4},"end":{"line":14,"column":35}},"13":{"start":{"line":14,"column":26},"end":{"line":14,"column":35}},"14":{"start":{"line":16,"column":2},"end":{"line":19,"column":3}},"15":{"start":{"line":17,"column":4},"end":{"line":17,"column":54}},"16":{"start":{"line":17,"column":24},"end":{"line":17,"column":54}},"17":{"start":{"line":18,"column":4},"end":{"line":18,"column":54}},"18":{"start":{"line":18,"column":24},"end":{"line":18,"column":54}},"19":{"start":{"line":20,"column":2},"end":{"line":20,"column":11}},"20":{"start":{"line":23,"column":0},"end":{"line":53,"column":3}},"21":{"start":{"line":24,"column":2},"end":{"line":52,"column":3}},"22":{"start":{"line":26,"column":35},"end":{"line":26,"column":44}},"23":{"start":{"line":28,"column":18},"end":{"line":28,"column":20}},"24":{"start":{"line":29,"column":4},"end":{"line":29,"column":72}},"25":{"start":{"line":29,"column":15},"end":{"line":29,"column":72}},"26":{"start":{"line":30,"column":4},"end":{"line":30,"column":93}},"27":{"start":{"line":30,"column":15},"end":{"line":30,"column":93}},"28":{"start":{"line":32,"column":17},"end":{"line":35,"column":13}},"29":{"start":{"line":37,"column":18},"end":{"line":46,"column":7}},"30":{"start":{"line":37,"column":33},"end":{"line":46,"column":5}},"31":{"start":{"line":48,"column":4},"end":{"line":48,"column":24}},"32":{"start":{"line":50,"column":4},"end":{"line":50,"column":23}},"33":{"start":{"line":51,"column":4},"end":{"line":51,"column":63}},"34":{"start":{"line":55,"column":0},"end":{"line":55,"column":24}}},"fnMap":{"0":{"name":"(anonymous_0)","decl":{"start":{"line":5,"column":20},"end":{"line":5,"column":21}},"loc":{"start":{"line":5,"column":25},"end":{"line":5,"column":65}},"line":5},"1":{"name":"(anonymous_1)","decl":{"start":{"line":8,"column":22},"end":{"line":8,"column":23}},"loc":{"start":{"line":8,"column":29},"end":{"line":21,"column":1}},"line":8},"2":{"name":"(anonymous_2)","decl":{"start":{"line":23,"column":16},"end":{"line":23,"column":17}},"loc":{"start":{"line":23,"column":36},"end":{"line":53,"column":1}},"line":23},"3":{"name":"(anonymous_3)","decl":{"start":{"line":37,"column":27},"end":{"line":37,"column":28}},"loc":{"start":{"line":37,"column":33},"end":{"line":46,"column":5}},"line":37}},"branchMap":{"0":{"loc":{"start":{"line":9,"column":2},"end":{"line":9,"column":60}},"type":"if","locations":[{"start":{"line":9,"column":2},"end":{"line":9,"column":60}},{"start":{},"end":{}}],"line":9},"1":{"loc":{"start":{"line":9,"column":6},"end":{"line":9,"column":49}},"type":"binary-expr","locations":[{"start":{"line":9,"column":6},"end":{"line":9,"column":27}},{"start":{"line":9,"column":31},"end":{"line":9,"column":49}}],"line":9},"2":{"loc":{"start":{"line":10,"column":2},"end":{"line":15,"column":3}},"type":"if","locations":[{"start":{"line":10,"column":2},"end":{"line":15,"column":3}},{"start":{},"end":{}}],"line":10},"3":{"loc":{"start":{"line":12,"column":4},"end":{"line":12,"column":41}},"type":"if","locations":[{"start":{"line":12,"column":4},"end":{"line":12,"column":41}},{"start":{},"end":{}}],"line":12},"4":{"loc":{"start":{"line":14,"column":4},"end":{"line":14,"column":35}},"type":"if","locations":[{"start":{"line":14,"column":4},"end":{"line":14,"column":35}},{"start":{},"end":{}}],"line":14},"5":{"loc":{"start":{"line":16,"column":2},"end":{"line":19,"column":3}},"type":"if","locations":[{"start":{"line":16,"column":2},"end":{"line":19,"column":3}},{"start":{},"end":{}}],"line":16},"6":{"loc":{"start":{"line":16,"column":6},"end":{"line":16,"column":32}},"type":"binary-expr","locations":[{"start":{"line":16,"column":6},"end":{"line":16,"column":27}},{"start":{"line":16,"column":31},"end":{"line":16,"column":32}}],"line":16},"7":{"loc":{"start":{"line":17,"column":4},"end":{"line":17,"column":54}},"type":"if","locations":[{"start":{"line":17,"column":4},"end":{"line":17,"column":54}},{"start":{},"end":{}}],"line":17},"8":{"loc":{"start":{"line":17,"column":31},"end":{"line":17,"column":53}},"type":"binary-expr","locations":[{"start":{"line":17,"column":31},"end":{"line":17,"column":48}},{"start":{"line":17,"column":52},"end":{"line":17,"column":53}}],"line":17},"9":{"loc":{"start":{"line":18,"column":4},"end":{"line":18,"column":54}},"type":"if","locations":[{"start":{"line":18,"column":4},"end":{"line":18,"column":54}},{"start":{},"end":{}}],"line":18},"10":{"loc":{"start":{"line":18,"column":31},"end":{"line":18,"column":53}},"type":"binary-expr","locations":[{"start":{"line":18,"column":31},"end":{"line":18,"column":47}},{"start":{"line":18,"column":52},"end":{"line":18,"column":53}}],"line":18},"11":{"loc":{"start":{"line":29,"column":4},"end":{"line":29,"column":72}},"type":"if","locations":[{"start":{"line":29,"column":4},"end":{"line":29,"column":72}},{"start":{},"end":{}}],"line":29},"12":{"loc":{"start":{"line":30,"column":4},"end":{"line":30,"column":93}},"type":"if","locations":[{"start":{"line":30,"column":4},"end":{"line":30,"column":93}},{"start":{},"end":{}}],"line":30},"13":{"loc":{"start":{"line":34,"column":13},"end":{"line":34,"column":38}},"type":"cond-expr","locations":[{"start":{"line":34,"column":21},"end":{"line":34,"column":34}},{"start":{"line":34,"column":37},"end":{"line":34,"column":38}}],"line":34},"14":{"loc":{"start":{"line":39,"column":15},"end":{"line":39,"column":66}},"type":"binary-expr","locations":[{"start":{"line":39,"column":15},"end":{"line":39,"column":22}},{"start":{"line":39,"column":27},"end":{"line":39,"column":33}},{"start":{"line":39,"column":39},"end":{"line":39,"column":46}},{"start":{"line":39,"column":52},"end":{"line":39,"column":58}},{"start":{"line":39,"column":64},"end":{"line":39,"column":66}}],"line":39},"15":{"loc":{"start":{"line":40,"column":15},"end":{"line":40,"column":66}},"type":"binary-expr","locations":[{"start":{"line":40,"column":15},"end":{"line":40,"column":23}},{"start":{"line":40,"column":27},"end":{"line":40,"column":35}},{"start":{"line":40,"column":39},"end":{"line":40,"column":47}},{"start":{"line":40,"column":52},"end":{"line":40,"column":60}},{"start":{"line":40,"column":64},"end":{"line":40,"column":66}}],"line":40},"16":{"loc":{"start":{"line":41,"column":30},"end":{"line":41,"column":76}},"type":"binary-expr","locations":[{"start":{"line":41,"column":30},"end":{"line":41,"column":40}},{"start":{"line":41,"column":44},"end":{"line":41,"column":52}},{"start":{"line":41,"column":56},"end":{"line":41,"column":66}},{"start":{"line":41,"column":70},"end":{"line":41,"column":76}}],"line":41},"17":{"loc":{"start":{"line":42,"column":15},"end":{"line":42,"column":41}},"type":"binary-expr","locations":[{"start":{"line":42,"column":15},"end":{"line":42,"column":22}},{"start":{"line":42,"column":27},"end":{"line":42,"column":34}},{"start":{"line":42,"column":39},"end":{"line":42,"column":41}}],"line":42},"18":{"loc":{"start":{"line":43,"column":16},"end":{"line":43,"column":43}},"type":"binary-expr","locations":[{"start":{"line":43,"column":16},"end":{"line":43,"column":26}},{"start":{"line":43,"column":30},"end":{"line":43,"column":37}},{"start":{"line":43,"column":41},"end":{"line":43,"column":43}}],"line":43},"19":{"loc":{"start":{"line":44,"column":16},"end":{"line":44,"column":42}},"type":"binary-expr","locations":[{"start":{"line":44,"column":16},"end":{"line":44,"column":26}},{"start":{"line":44,"column":30},"end":{"line":44,"column":35}},{"start":{"line":44,"column":40},"end":{"line":44,"column":42}}],"line":44},"20":{"loc":{"start":{"line":45,"column":13},"end":{"line":45,"column":25}},"type":"binary-expr","locations":[{"start":{"line":45,"column":13},"end":{"line":45,"column":19}},{"start":{"line":45,"column":23},"end":{"line":45,"column":25}}],"line":45}},"s":{"0":2,"1":2,"2":2,"3":4,"4":2,"5":7,"6":1,"7":6,"8":2,"9":2,"10":1,"11":1,"12":1,"13":1,"14":4,"15":2,"16":1,"17":1,"18":1,"19":2,"20":2,"21":4,"22":4,"23":4,"24":4,"25":2,"26":4,"27":2,"28":4,"29":3,"30":7,"31":3,"32":1,"33":1,"34":2},"f":{"0":4,"1":7,"2":4,"3":7},"b":{"0":[1,6],"1":[7,1],"2":[2,4],"3":[1,1],"4":[1,0],"5":[2,2],"6":[4,2],"7":[1,1],"8":[1,0],"9":[1,0],"10":[1,0],"11":[2,2],"12":[2,2],"13":[1,3],"14":[7,4,3,2,1],"15":[7,4,3,2,1],"16":[7,3,2,2],"17":[7,3,1],"18":[7,3,1],"19":[7,3,1],"20":[7,3]},"_coverageSchema":"1a1c01bbd47fc00a2c39e90264f33305004495a9","hash":"10ff21c7446882fecea39205870c783985202a0f"}
,"/Users/polansky/Desktop/apps/noizzy_app_backend/scripts/uploadTracksToCloudinary.js": {"path":"/Users/polansky/Desktop/apps/noizzy_app_backend/scripts/uploadTracksToCloudinary.js","statementMap":{"0":{"start":{"line":2,"column":17},"end":{"line":2,"column":36}},"1":{"start":{"line":3,"column":14},"end":{"line":3,"column":40}},"2":{"start":{"line":4,"column":19},"end":{"line":4,"column":49}},"3":{"start":{"line":5,"column":13},"end":{"line":5,"column":28}},"4":{"start":{"line":6,"column":11},"end":{"line":6,"column":24}},"5":{"start":{"line":7,"column":0},"end":{"line":7,"column":27}},"6":{"start":{"line":9,"column":0},"end":{"line":9,"column":42}},"7":{"start":{"line":12,"column":20},"end":{"line":12,"column":49}},"8":{"start":{"line":15,"column":21},"end":{"line":19,"column":1}},"9":{"start":{"line":16,"column":2},"end":{"line":16,"column":22}},"10":{"start":{"line":16,"column":10},"end":{"line":16,"column":22}},"11":{"start":{"line":17,"column":2},"end":{"line":17,"column":35}},"12":{"start":{"line":17,"column":26},"end":{"line":17,"column":35}},"13":{"start":{"line":18,"column":2},"end":{"line":18,"column":70}},"14":{"start":{"line":22,"column":20},"end":{"line":32,"column":1}},"15":{"start":{"line":35,"column":15},"end":{"line":35,"column":40}},"16":{"start":{"line":37,"column":0},"end":{"line":96,"column":5}},"17":{"start":{"line":38,"column":2},"end":{"line":95,"column":3}},"18":{"start":{"line":39,"column":4},"end":{"line":92,"column":5}},"19":{"start":{"line":40,"column":6},"end":{"line":91,"column":7}},"20":{"start":{"line":41,"column":79},"end":{"line":41,"column":80}},"21":{"start":{"line":43,"column":25},"end":{"line":43,"column":48}},"22":{"start":{"line":44,"column":25},"end":{"line":44,"column":48}},"23":{"start":{"line":46,"column":8},"end":{"line":49,"column":9}},"24":{"start":{"line":47,"column":10},"end":{"line":47,"column":79}},"25":{"start":{"line":48,"column":10},"end":{"line":48,"column":19}},"26":{"start":{"line":52,"column":8},"end":{"line":52,"column":53}},"27":{"start":{"line":52,"column":33},"end":{"line":52,"column":51}},"28":{"start":{"line":55,"column":28},"end":{"line":59,"column":10}},"29":{"start":{"line":62,"column":28},"end":{"line":71,"column":10}},"30":{"start":{"line":76,"column":8},"end":{"line":84,"column":18}},"31":{"start":{"line":86,"column":8},"end":{"line":86,"column":72}},"32":{"start":{"line":88,"column":20},"end":{"line":88,"column":70}},"33":{"start":{"line":89,"column":8},"end":{"line":89,"column":86}},"34":{"start":{"line":90,"column":8},"end":{"line":90,"column":17}},"35":{"start":{"line":94,"column":4},"end":{"line":94,"column":32}}},"fnMap":{"0":{"name":"(anonymous_0)","decl":{"start":{"line":15,"column":21},"end":{"line":15,"column":22}},"loc":{"start":{"line":15,"column":28},"end":{"line":19,"column":1}},"line":15},"1":{"name":"(anonymous_1)","decl":{"start":{"line":37,"column":1},"end":{"line":37,"column":2}},"loc":{"start":{"line":37,"column":13},"end":{"line":96,"column":1}},"line":37},"2":{"name":"(anonymous_2)","decl":{"start":{"line":52,"column":26},"end":{"line":52,"column":27}},"loc":{"start":{"line":52,"column":33},"end":{"line":52,"column":51}},"line":52}},"branchMap":{"0":{"loc":{"start":{"line":16,"column":2},"end":{"line":16,"column":22}},"type":"if","locations":[{"start":{"line":16,"column":2},"end":{"line":16,"column":22}},{"start":{},"end":{}}],"line":16},"1":{"loc":{"start":{"line":17,"column":2},"end":{"line":17,"column":35}},"type":"if","locations":[{"start":{"line":17,"column":2},"end":{"line":17,"column":35}},{"start":{},"end":{}}],"line":17},"2":{"loc":{"start":{"line":46,"column":8},"end":{"line":49,"column":9}},"type":"if","locations":[{"start":{"line":46,"column":8},"end":{"line":49,"column":9}},{"start":{},"end":{}}],"line":46},"3":{"loc":{"start":{"line":46,"column":12},"end":{"line":46,"column":64}},"type":"binary-expr","locations":[{"start":{"line":46,"column":12},"end":{"line":46,"column":36}},{"start":{"line":46,"column":40},"end":{"line":46,"column":64}}],"line":46},"4":{"loc":{"start":{"line":80,"column":20},"end":{"line":80,"column":44}},"type":"binary-expr","locations":[{"start":{"line":80,"column":20},"end":{"line":80,"column":36}},{"start":{"line":80,"column":40},"end":{"line":80,"column":44}}],"line":80},"5":{"loc":{"start":{"line":88,"column":20},"end":{"line":88,"column":70}},"type":"binary-expr","locations":[{"start":{"line":88,"column":20},"end":{"line":88,"column":39}},{"start":{"line":88,"column":43},"end":{"line":88,"column":55}},{"start":{"line":88,"column":59},"end":{"line":88,"column":70}}],"line":88},"6":{"loc":{"start":{"line":89,"column":48},"end":{"line":89,"column":72}},"type":"binary-expr","locations":[{"start":{"line":89,"column":48},"end":{"line":89,"column":56}},{"start":{"line":89,"column":60},"end":{"line":89,"column":72}}],"line":89}},"s":{"0":2,"1":2,"2":2,"3":2,"4":2,"5":2,"6":2,"7":2,"8":2,"9":6,"10":0,"11":6,"12":0,"13":6,"14":2,"15":2,"16":2,"17":2,"18":2,"19":3,"20":3,"21":3,"22":3,"23":3,"24":1,"25":1,"26":2,"27":2,"28":2,"29":2,"30":1,"31":1,"32":1,"33":1,"34":1,"35":2},"f":{"0":6,"1":2,"2":2},"b":{"0":[0,6],"1":[0,6],"2":[1,2],"3":[3,3],"4":[1,0],"5":[1,1,0],"6":[1,0]},"_coverageSchema":"1a1c01bbd47fc00a2c39e90264f33305004495a9","hash":"8fbebf5273a9b74ddb13aca7c8953e94f9eb5e3e"}
}
