TN:
SF:index.js
FN:14,(anonymous_0)
FN:15,(anonymous_1)
FN:63,(anonymous_2)
FNF:3
FNH:1
FNDA:0,(anonymous_0)
FNDA:1,(anonymous_1)
FNDA:0,(anonymous_2)
DA:1,1
DA:3,1
DA:4,1
DA:5,1
DA:7,1
DA:10,1
DA:11,1
DA:14,1
DA:15,1
DA:18,1
DA:27,1
DA:34,1
DA:35,1
DA:39,1
DA:40,1
DA:45,1
DA:46,0
DA:50,1
DA:56,1
DA:61,1
DA:62,0
DA:63,0
DA:64,0
LF:23
LH:19
BRDA:28,0,0,1
BRDA:28,0,1,1
BRDA:45,1,0,0
BRDA:45,1,1,1
BRDA:61,2,0,0
BRDA:61,2,1,1
BRDA:62,3,0,0
BRDA:62,3,1,0
BRF:8
BRH:4
end_of_record
TN:
SF:controllers/auth.js
FN:12,(anonymous_0)
FN:47,(anonymous_1)
FN:83,(anonymous_2)
FN:89,(anonymous_3)
FNF:4
FNH:4
FNDA:2,(anonymous_0)
FNDA:2,(anonymous_1)
FNDA:1,(anonymous_2)
FNDA:2,(anonymous_3)
DA:2,1
DA:3,1
DA:4,1
DA:5,1
DA:6,1
DA:7,1
DA:8,1
DA:10,1
DA:12,1
DA:13,2
DA:15,2
DA:16,2
DA:17,2
DA:18,1
DA:24,1
DA:26,1
DA:27,1
DA:29,1
DA:31,1
DA:33,1
DA:40,0
DA:47,1
DA:48,2
DA:50,2
DA:51,2
DA:52,2
DA:53,0
DA:59,2
DA:60,2
DA:61,1
DA:67,1
DA:69,1
DA:76,0
DA:83,1
DA:84,1
DA:85,1
DA:86,1
DA:89,1
DA:90,2
DA:91,2
DA:92,2
DA:93,0
DA:96,2
DA:101,2
DA:102,2
DA:103,2
DA:104,2
DA:105,2
DA:107,2
DA:108,0
DA:111,2
DA:112,2
DA:113,1
DA:114,1
DA:115,1
DA:117,1
DA:125,1
DA:127,1
DA:128,1
DA:129,1
DA:130,1
DA:131,1
DA:134,2
DA:135,2
DA:144,0
DA:145,0
DA:149,1
LF:67
LH:60
BRDA:12,0,0,0
BRDA:17,1,0,1
BRDA:17,1,1,1
BRDA:47,2,0,0
BRDA:52,3,0,0
BRDA:52,3,1,2
BRDA:60,4,0,1
BRDA:60,4,1,1
BRDA:83,5,0,0
BRDA:89,6,0,0
BRDA:92,7,0,0
BRDA:92,7,1,2
BRDA:92,8,0,2
BRDA:92,8,1,2
BRDA:104,9,0,2
BRDA:104,9,1,0
BRDA:105,10,0,2
BRDA:105,10,1,0
BRDA:107,11,0,0
BRDA:107,11,1,2
BRDA:112,12,0,1
BRDA:112,12,1,1
BRDA:121,13,0,1
BRDA:121,13,1,0
BRDA:128,14,0,1
BRDA:128,14,1,0
BRDA:128,15,0,1
BRDA:128,15,1,1
BRDA:129,16,0,1
BRDA:129,16,1,0
BRDA:129,17,0,1
BRDA:129,17,1,1
BRDA:130,18,0,1
BRDA:130,18,1,0
BRDA:131,19,0,1
BRDA:131,19,1,0
BRDA:140,20,0,2
BRDA:140,20,1,1
BRDA:144,21,0,0
BRDA:144,21,1,0
BRF:40
BRH:24
end_of_record
TN:
SF:controllers/favorites.js
FN:6,(anonymous_0)
FN:8,(anonymous_1)
FN:27,(anonymous_2)
FN:55,(anonymous_3)
FNF:4
FNH:4
FNDA:6,(anonymous_0)
FNDA:4,(anonymous_1)
FNDA:4,(anonymous_2)
FNDA:4,(anonymous_3)
DA:1,1
DA:2,1
DA:3,1
DA:4,1
DA:6,6
DA:8,1
DA:9,4
DA:10,4
DA:11,4
DA:13,3
DA:14,2
DA:16,2
DA:20,2
DA:22,1
DA:23,1
DA:27,1
DA:28,4
DA:29,4
DA:30,4
DA:32,3
DA:33,3
DA:34,1
DA:37,2
DA:47,1
DA:48,1
DA:50,1
DA:51,1
DA:55,1
DA:56,4
DA:57,4
DA:58,4
DA:60,3
DA:61,3
DA:62,1
DA:65,2
DA:74,1
DA:75,1
DA:77,1
DA:78,1
LF:39
LH:39
BRDA:11,0,0,1
BRDA:11,0,1,3
BRDA:14,1,0,2
BRDA:14,1,1,0
BRDA:16,2,0,1
BRDA:16,2,1,1
BRDA:30,3,0,1
BRDA:30,3,1,3
BRDA:32,4,0,3
BRDA:32,4,1,0
BRDA:33,5,0,1
BRDA:33,5,1,2
BRDA:47,6,0,1
BRDA:47,6,1,0
BRDA:58,7,0,1
BRDA:58,7,1,3
BRDA:61,8,0,1
BRDA:61,8,1,2
BRDA:74,9,0,1
BRDA:74,9,1,0
BRF:20
BRH:16
end_of_record
TN:
SF:controllers/stats.js
FN:8,(anonymous_0)
FN:26,(anonymous_1)
FN:82,(anonymous_2)
FN:91,(anonymous_3)
FN:104,(anonymous_4)
FN:112,(anonymous_5)
FN:112,(anonymous_6)
FN:116,(anonymous_7)
FN:119,(anonymous_8)
FNF:9
FNH:9
FNDA:5,(anonymous_0)
FNDA:2,(anonymous_1)
FNDA:2,(anonymous_2)
FNDA:5,(anonymous_3)
FNDA:5,(anonymous_4)
FNDA:3,(anonymous_5)
FNDA:1,(anonymous_6)
FNDA:2,(anonymous_7)
FNDA:3,(anonymous_8)
DA:2,2
DA:3,2
DA:4,2
DA:5,2
DA:6,2
DA:8,2
DA:9,5
DA:10,5
DA:11,5
DA:13,4
DA:14,4
DA:17,4
DA:20,4
DA:26,4
DA:29,4
DA:34,4
DA:35,4
DA:38,4
DA:76,4
DA:82,2
DA:85,0
DA:86,0
DA:91,2
DA:92,5
DA:93,5
DA:94,5
DA:96,4
DA:97,4
DA:98,1
DA:101,3
DA:103,3
DA:105,5
DA:109,3
DA:112,3
DA:113,2
DA:114,2
DA:115,1
DA:116,2
DA:119,3
DA:127,2
DA:128,2
DA:130,0
LF:42
LH:39
BRDA:10,0,0,5
BRDA:10,0,1,1
BRDA:11,1,0,1
BRDA:11,1,1,4
BRDA:13,2,0,4
BRDA:13,2,1,3
BRDA:26,3,0,2
BRDA:26,3,1,0
BRDA:34,4,0,4
BRDA:34,4,1,3
BRDA:35,5,0,4
BRDA:35,5,1,3
BRDA:93,6,0,5
BRDA:93,6,1,1
BRDA:94,7,0,1
BRDA:94,7,1,4
BRDA:96,8,0,1
BRDA:96,9,0,4
BRDA:96,9,1,0
BRDA:97,10,0,1
BRDA:97,10,1,3
BRDA:97,11,0,4
BRDA:97,11,1,4
BRDA:105,12,0,5
BRDA:105,12,1,4
BRDA:105,12,2,3
BRDA:109,13,0,1
BRDA:109,13,1,2
BRDA:114,14,0,1
BRDA:114,14,1,1
BRDA:116,15,0,2
BRDA:116,15,1,0
BRDA:122,16,0,3
BRDA:122,16,1,1
BRDA:122,16,2,0
BRDA:123,17,0,3
BRDA:123,17,1,0
BRDA:124,18,0,1
BRDA:124,18,1,2
BRF:39
BRH:34
end_of_record
TN:
SF:database/config.js
FN:3,dbConnection
FNF:1
FNH:0
FNDA:0,dbConnection
DA:1,1
DA:4,0
DA:5,0
DA:6,0
DA:7,0
DA:10,0
DA:11,0
DA:12,0
DA:16,0
DA:18,0
DA:20,0
DA:24,1
LF:12
LH:2
BRDA:4,0,0,0
BRDA:4,0,1,0
BRDA:4,0,2,0
BRDA:4,0,3,0
BRDA:4,0,4,0
BRDA:5,1,0,0
BRDA:5,1,1,0
BRF:7
BRH:0
end_of_record
TN:
SF:firebase/admin.js
FN:11,logProject
FN:24,loadServiceAccount
FNF:2
FNH:0
FNDA:0,logProject
FNDA:0,loadServiceAccount
DA:1,1
DA:4,1
DA:8,0
DA:9,0
DA:12,0
DA:13,0
DA:15,0
DA:20,0
DA:26,0
DA:27,0
DA:28,0
DA:30,0
DA:32,0
DA:33,0
DA:34,0
DA:35,0
DA:37,0
DA:39,0
DA:40,0
DA:41,0
DA:42,0
DA:44,0
DA:46,0
DA:48,0
DA:49,0
DA:50,0
DA:52,0
DA:53,0
DA:55,0
DA:59,0
DA:60,0
DA:62,0
DA:66,0
DA:67,0
DA:72,0
DA:76,0
DA:83,0
DA:84,0
DA:86,0
DA:87,0
DA:95,0
DA:96,0
DA:97,0
DA:99,0
DA:100,0
DA:101,0
DA:103,0
DA:104,0
DA:105,0
DA:106,0
DA:107,0
DA:111,0
LF:52
LH:2
BRDA:1,0,0,1
BRDA:1,0,1,0
BRDA:1,1,0,1
BRDA:1,1,1,1
BRDA:13,2,0,0
BRDA:13,2,1,0
BRDA:15,3,0,0
BRDA:15,3,1,0
BRDA:15,3,2,0
BRDA:15,3,3,0
BRDA:15,3,4,0
BRDA:15,3,5,0
BRDA:26,4,0,0
BRDA:26,4,1,0
BRDA:27,5,0,0
BRDA:27,5,1,0
BRDA:28,6,0,0
BRDA:28,6,1,0
BRDA:32,7,0,0
BRDA:32,7,1,0
BRDA:39,8,0,0
BRDA:39,8,1,0
BRDA:46,9,0,0
BRDA:46,9,1,0
BRDA:49,10,0,0
BRDA:49,10,1,0
BRDA:49,11,0,0
BRDA:49,11,1,0
BRDA:49,11,2,0
BRDA:49,11,3,0
BRDA:66,12,0,0
BRDA:66,12,1,0
BRDA:66,13,0,0
BRDA:66,13,1,0
BRDA:66,13,2,0
BRDA:72,14,0,0
BRDA:72,14,1,0
BRDA:72,15,0,0
BRDA:72,15,1,0
BRDA:83,16,0,0
BRDA:83,16,1,0
BRDA:86,17,0,0
BRDA:86,17,1,0
BRDA:97,18,0,0
BRDA:97,18,1,0
BRF:45
BRH:3
end_of_record
TN:
SF:helpers/jwt.js
FN:3,(anonymous_0)
FN:5,(anonymous_1)
FN:15,(anonymous_2)
FNF:3
FNH:3
FNDA:4,(anonymous_0)
FNDA:4,(anonymous_1)
FNDA:4,(anonymous_2)
DA:1,1
DA:3,1
DA:5,4
DA:7,4
DA:13,4
DA:17,4
DA:18,1
DA:19,1
DA:21,4
DA:26,1
LF:10
LH:10
BRDA:3,0,0,1
BRDA:17,1,0,1
BRDA:17,1,1,3
BRF:3
BRH:3
end_of_record
TN:
SF:middlewares/fields-validators.js
FN:5,(anonymous_0)
FNF:1
FNH:1
FNDA:5,(anonymous_0)
DA:1,1
DA:2,1
DA:5,1
DA:8,5
DA:9,5
DA:10,3
DA:16,2
DA:21,1
LF:8
LH:8
BRDA:5,0,0,0
BRDA:9,1,0,3
BRDA:9,1,1,2
BRF:3
BRH:2
end_of_record
TN:
SF:middlewares/validate-jwt.js
FN:4,(anonymous_0)
FN:6,base64urlToJson
FN:12,validateJWT
FNF:3
FNH:3
FNDA:4,(anonymous_0)
FNDA:4,base64urlToJson
FNDA:5,validateJWT
DA:1,1
DA:2,1
DA:4,4
DA:7,4
DA:8,3
DA:9,3
DA:13,5
DA:14,5
DA:16,5
DA:17,1
DA:20,4
DA:22,4
DA:23,4
DA:24,4
DA:25,0
DA:27,4
DA:30,4
DA:31,4
DA:34,4
DA:35,4
DA:36,2
DA:37,2
DA:38,2
DA:40,2
DA:41,2
DA:46,1
LF:26
LH:25
BRDA:4,0,0,4
BRDA:4,0,1,0
BRDA:12,1,0,0
BRDA:13,2,0,5
BRDA:13,2,1,2
BRDA:14,3,0,4
BRDA:14,3,1,1
BRDA:14,4,0,3
BRDA:14,4,1,1
BRDA:16,5,0,1
BRDA:16,5,1,4
BRDA:20,6,0,3
BRDA:20,6,1,1
BRDA:40,7,0,2
BRDA:40,7,1,1
BRDA:41,8,0,2
BRDA:41,8,1,1
BRF:17
BRH:15
end_of_record
TN:
SF:models/ListeningTick.js
FNF:0
FNH:0
DA:1,2
DA:3,2
DA:11,2
DA:12,2
DA:14,2
LF:5
LH:5
BRF:0
BRH:0
end_of_record
TN:
SF:models/PlayEvent.js
FNF:0
FNH:0
DA:1,2
DA:3,2
DA:10,2
DA:11,2
LF:4
LH:4
BRF:0
BRH:0
end_of_record
TN:
SF:models/Track.js
FNF:0
FNH:0
DA:1,2
DA:3,2
DA:36,2
LF:3
LH:3
BRF:0
BRH:0
end_of_record
TN:
SF:models/User.js
FNF:0
FNH:0
DA:1,1
DA:3,1
DA:27,1
DA:28,1
DA:30,1
LF:5
LH:5
BRF:0
BRH:0
end_of_record
TN:
SF:routes/auth.js
FN:11,(anonymous_0)
FN:25,(anonymous_1)
FN:36,(anonymous_2)
FN:43,(anonymous_3)
FN:48,(anonymous_4)
FNF:5
FNH:5
FNDA:4,(anonymous_0)
FNDA:1,(anonymous_1)
FNDA:1,(anonymous_2)
FNDA:1,(anonymous_3)
FNDA:1,(anonymous_4)
DA:3,1
DA:4,1
DA:5,1
DA:6,1
DA:8,1
DA:11,1
DA:12,4
DA:16,1
DA:25,1
DA:28,1
DA:36,1
DA:40,1
DA:43,1
DA:46,1
DA:48,1
DA:52,1
LF:16
LH:16
BRF:0
BRH:0
end_of_record
TN:
SF:routes/favorites.js
FNF:0
FNH:0
DA:1,1
DA:2,1
DA:5,1
DA:8,1
DA:10,1
DA:13,1
DA:17,1
DA:19,1
DA:29,1
DA:31,1
LF:10
LH:10
BRF:0
BRH:0
end_of_record
TN:
SF:routes/stats.js
FN:8,(anonymous_0)
FN:13,(anonymous_1)
FN:21,(anonymous_2)
FN:49,(anonymous_3)
FNF:4
FNH:4
FNDA:2,(anonymous_0)
FNDA:2,(anonymous_1)
FNDA:4,(anonymous_2)
FNDA:1,(anonymous_3)
DA:1,2
DA:2,2
DA:3,2
DA:4,2
DA:5,2
DA:8,2
DA:9,2
DA:11,2
DA:13,2
DA:14,2
DA:15,2
DA:16,2
DA:17,1
DA:18,0
DA:21,2
DA:22,4
DA:23,4
DA:24,4
DA:26,3
DA:27,3
DA:28,1
DA:31,2
DA:38,1
DA:40,1
DA:45,2
DA:46,2
DA:49,2
DA:50,1
DA:51,1
DA:52,1
DA:54,1
DA:59,1
DA:61,0
DA:65,2
LF:34
LH:32
BRDA:14,0,0,0
BRDA:14,0,1,2
BRDA:16,1,0,1
BRDA:16,1,1,1
BRDA:17,2,0,1
BRDA:17,2,1,0
BRDA:18,3,0,0
BRDA:18,3,1,0
BRDA:23,4,0,4
BRDA:23,4,1,1
BRDA:24,5,0,1
BRDA:24,5,1,3
BRDA:26,6,0,3
BRDA:26,6,1,0
BRDA:27,7,0,1
BRDA:27,7,1,2
BRDA:34,8,0,2
BRDA:34,8,1,0
BRDA:51,9,0,1
BRDA:51,9,1,0
BRDA:52,10,0,0
BRDA:52,10,1,1
BRF:22
BRH:14
end_of_record
TN:
SF:routes/tracks.js
FN:5,(anonymous_0)
FN:8,(anonymous_1)
FN:23,(anonymous_2)
FN:37,(anonymous_3)
FNF:4
FNH:4
FNDA:4,(anonymous_0)
FNDA:7,(anonymous_1)
FNDA:4,(anonymous_2)
FNDA:7,(anonymous_3)
DA:2,2
DA:3,2
DA:5,4
DA:8,2
DA:9,7
DA:10,6
DA:11,2
DA:12,2
DA:13,1
DA:14,1
DA:16,4
DA:17,2
DA:18,1
DA:20,2
DA:23,2
DA:24,4
DA:26,4
DA:28,4
DA:29,4
DA:30,4
DA:32,4
DA:37,7
DA:48,3
DA:50,1
DA:51,1
DA:55,2
LF:26
LH:26
BRDA:9,0,0,1
BRDA:9,0,1,6
BRDA:9,1,0,7
BRDA:9,1,1,1
BRDA:10,2,0,2
BRDA:10,2,1,4
BRDA:12,3,0,1
BRDA:12,3,1,1
BRDA:14,4,0,1
BRDA:14,4,1,0
BRDA:16,5,0,2
BRDA:16,5,1,2
BRDA:16,6,0,4
BRDA:16,6,1,2
BRDA:17,7,0,1
BRDA:17,7,1,1
BRDA:17,8,0,1
BRDA:17,8,1,0
BRDA:18,9,0,1
BRDA:18,9,1,0
BRDA:18,10,0,1
BRDA:18,10,1,0
BRDA:29,11,0,2
BRDA:29,11,1,2
BRDA:30,12,0,2
BRDA:30,12,1,2
BRDA:34,13,0,1
BRDA:34,13,1,3
BRDA:39,14,0,7
BRDA:39,14,1,4
BRDA:39,14,2,3
BRDA:39,14,3,2
BRDA:39,14,4,1
BRDA:40,15,0,7
BRDA:40,15,1,4
BRDA:40,15,2,3
BRDA:40,15,3,2
BRDA:40,15,4,1
BRDA:41,16,0,7
BRDA:41,16,1,3
BRDA:41,16,2,2
BRDA:41,16,3,2
BRDA:42,17,0,7
BRDA:42,17,1,3
BRDA:42,17,2,1
BRDA:43,18,0,7
BRDA:43,18,1,3
BRDA:43,18,2,1
BRDA:44,19,0,7
BRDA:44,19,1,3
BRDA:44,19,2,1
BRDA:45,20,0,7
BRDA:45,20,1,3
BRF:53
BRH:49
end_of_record
TN:
SF:scripts/uploadTracksToCloudinary.js
FN:15,(anonymous_0)
FN:37,(anonymous_1)
FN:52,(anonymous_2)
FNF:3
FNH:3
FNDA:6,(anonymous_0)
FNDA:2,(anonymous_1)
FNDA:2,(anonymous_2)
DA:2,2
DA:3,2
DA:4,2
DA:5,2
DA:6,2
DA:7,2
DA:9,2
DA:12,2
DA:15,2
DA:16,6
DA:17,6
DA:18,6
DA:22,2
DA:35,2
DA:37,2
DA:38,2
DA:39,2
DA:40,3
DA:41,3
DA:43,3
DA:44,3
DA:46,3
DA:47,1
DA:48,1
DA:52,2
DA:55,2
DA:62,2
DA:76,1
DA:86,1
DA:88,1
DA:89,1
DA:90,1
DA:94,2
LF:33
LH:33
BRDA:16,0,0,0
BRDA:16,0,1,6
BRDA:17,1,0,0
BRDA:17,1,1,6
BRDA:46,2,0,1
BRDA:46,2,1,2
BRDA:46,3,0,3
BRDA:46,3,1,3
BRDA:80,4,0,1
BRDA:80,4,1,0
BRDA:88,5,0,1
BRDA:88,5,1,1
BRDA:88,5,2,0
BRDA:89,6,0,1
BRDA:89,6,1,0
BRF:15
BRH:10
end_of_record
